[0.009s] Invoking command in '/home/ros2/ros/Miniproject_equipo1_ws/build/motion': CMAKE_PREFIX_PATH=/opt/ros/humble /usr/bin/cmake --build /home/ros2/ros/Miniproject_equipo1_ws/build/motion -- -j4 -l4
[0.057s] [100%] Built target Controller
[0.065s] Invoked command in '/home/ros2/ros/Miniproject_equipo1_ws/build/motion' returned '0': CMAKE_PREFIX_PATH=/opt/ros/humble /usr/bin/cmake --build /home/ros2/ros/Miniproject_equipo1_ws/build/motion -- -j4 -l4
[0.073s] Invoking command in '/home/ros2/ros/Miniproject_equipo1_ws/build/motion': CMAKE_PREFIX_PATH=/opt/ros/humble /usr/bin/cmake --install /home/ros2/ros/Miniproject_equipo1_ws/build/motion
[0.079s] -- Install configuration: ""
[0.079s] -- Execute custom install script
[0.079s] -- Up-to-date symlink: /home/ros2/ros/Miniproject_equipo1_ws/install/motion/lib/motion/Controller
[0.079s] -- Up-to-date symlink: /home/ros2/ros/Miniproject_equipo1_ws/install/motion/share/motion//launch/launch.xml
[0.079s] -- Up-to-date symlink: /home/ros2/ros/Miniproject_equipo1_ws/install/motion/share/ament_index/resource_index/package_run_dependencies/motion
[0.079s] -- Up-to-date symlink: /home/ros2/ros/Miniproject_equipo1_ws/install/motion/share/ament_index/resource_index/parent_prefix_path/motion
[0.079s] -- Up-to-date symlink: /home/ros2/ros/Miniproject_equipo1_ws/install/motion/share/motion/environment/ament_prefix_path.sh
[0.080s] -- Up-to-date symlink: /home/ros2/ros/Miniproject_equipo1_ws/install/motion/share/motion/environment/ament_prefix_path.dsv
[0.080s] -- Up-to-date symlink: /home/ros2/ros/Miniproject_equipo1_ws/install/motion/share/motion/environment/path.sh
[0.080s] -- Up-to-date symlink: /home/ros2/ros/Miniproject_equipo1_ws/install/motion/share/motion/environment/path.dsv
[0.080s] -- Up-to-date symlink: /home/ros2/ros/Miniproject_equipo1_ws/install/motion/share/motion/local_setup.bash
[0.080s] -- Up-to-date symlink: /home/ros2/ros/Miniproject_equipo1_ws/install/motion/share/motion/local_setup.sh
[0.080s] -- Up-to-date symlink: /home/ros2/ros/Miniproject_equipo1_ws/install/motion/share/motion/local_setup.zsh
[0.080s] -- Up-to-date symlink: /home/ros2/ros/Miniproject_equipo1_ws/install/motion/share/motion/local_setup.dsv
[0.080s] -- Symlinking: /home/ros2/ros/Miniproject_equipo1_ws/install/motion/share/motion/package.dsv
[0.086s] -- Up-to-date symlink: /home/ros2/ros/Miniproject_equipo1_ws/install/motion/share/ament_index/resource_index/packages/motion
[0.086s] -- Up-to-date symlink: /home/ros2/ros/Miniproject_equipo1_ws/install/motion/share/motion/cmake/motionConfig.cmake
[0.086s] -- Up-to-date symlink: /home/ros2/ros/Miniproject_equipo1_ws/install/motion/share/motion/cmake/motionConfig-version.cmake
[0.086s] -- Up-to-date symlink: /home/ros2/ros/Miniproject_equipo1_ws/install/motion/share/motion/package.xml
[0.088s] Invoked command in '/home/ros2/ros/Miniproject_equipo1_ws/build/motion' returned '0': CMAKE_PREFIX_PATH=/opt/ros/humble /usr/bin/cmake --install /home/ros2/ros/Miniproject_equipo1_ws/build/motion
