[0.010s] Invoking command in '/home/usuario/ros/Miniproject_equipo1_ws/build/motion': CMAKE_PREFIX_PATH=${CMAKE_PREFIX_PATH}:/opt/ros/humble /usr/bin/cmake --build /home/usuario/ros/Miniproject_equipo1_ws/build/motion -- -j20 -l20
[0.086s] [35m[1mConsolidate compiler generated dependencies of target Controller[0m
[0.095s] [ 50%] [32mBuilding CXX object CMakeFiles/Controller.dir/src/Controller.cpp.o[0m
[5.392s] [100%] [32m[1mLinking CXX executable Controller[0m
[5.714s] [100%] Built target Controller
[5.721s] Invoked command in '/home/usuario/ros/Miniproject_equipo1_ws/build/motion' returned '0': CMAKE_PREFIX_PATH=${CMAKE_PREFIX_PATH}:/opt/ros/humble /usr/bin/cmake --build /home/usuario/ros/Miniproject_equipo1_ws/build/motion -- -j20 -l20
[5.727s] Invoking command in '/home/usuario/ros/Miniproject_equipo1_ws/build/motion': CMAKE_PREFIX_PATH=${CMAKE_PREFIX_PATH}:/opt/ros/humble /usr/bin/cmake --install /home/usuario/ros/Miniproject_equipo1_ws/build/motion
[5.732s] -- Install configuration: ""
[5.733s] -- Execute custom install script
[5.734s] -- Up-to-date symlink: /home/usuario/ros/Miniproject_equipo1_ws/install/motion/lib/motion/Controller
[5.734s] -- Up-to-date symlink: /home/usuario/ros/Miniproject_equipo1_ws/install/motion/share/motion//launch/launch.xml
[5.735s] -- Up-to-date symlink: /home/usuario/ros/Miniproject_equipo1_ws/install/motion/share/ament_index/resource_index/package_run_dependencies/motion
[5.735s] -- Up-to-date symlink: /home/usuario/ros/Miniproject_equipo1_ws/install/motion/share/ament_index/resource_index/parent_prefix_path/motion
[5.735s] -- Up-to-date symlink: /home/usuario/ros/Miniproject_equipo1_ws/install/motion/share/motion/environment/ament_prefix_path.sh
[5.735s] -- Up-to-date symlink: /home/usuario/ros/Miniproject_equipo1_ws/install/motion/share/motion/environment/ament_prefix_path.dsv
[5.735s] -- Up-to-date symlink: /home/usuario/ros/Miniproject_equipo1_ws/install/motion/share/motion/environment/path.sh
[5.736s] -- Up-to-date symlink: /home/usuario/ros/Miniproject_equipo1_ws/install/motion/share/motion/environment/path.dsv
[5.736s] -- Up-to-date symlink: /home/usuario/ros/Miniproject_equipo1_ws/install/motion/share/motion/local_setup.bash
[5.736s] -- Up-to-date symlink: /home/usuario/ros/Miniproject_equipo1_ws/install/motion/share/motion/local_setup.sh
[5.736s] -- Up-to-date symlink: /home/usuario/ros/Miniproject_equipo1_ws/install/motion/share/motion/local_setup.zsh
[5.737s] -- Up-to-date symlink: /home/usuario/ros/Miniproject_equipo1_ws/install/motion/share/motion/local_setup.dsv
[5.737s] -- Symlinking: /home/usuario/ros/Miniproject_equipo1_ws/install/motion/share/motion/package.dsv
[5.743s] -- Up-to-date symlink: /home/usuario/ros/Miniproject_equipo1_ws/install/motion/share/ament_index/resource_index/packages/motion
[5.743s] -- Up-to-date symlink: /home/usuario/ros/Miniproject_equipo1_ws/install/motion/share/motion/cmake/motionConfig.cmake
[5.744s] -- Up-to-date symlink: /home/usuario/ros/Miniproject_equipo1_ws/install/motion/share/motion/cmake/motionConfig-version.cmake
[5.744s] -- Up-to-date symlink: /home/usuario/ros/Miniproject_equipo1_ws/install/motion/share/motion/package.xml
[5.745s] Invoked command in '/home/usuario/ros/Miniproject_equipo1_ws/build/motion' returned '0': CMAKE_PREFIX_PATH=${CMAKE_PREFIX_PATH}:/opt/ros/humble /usr/bin/cmake --install /home/usuario/ros/Miniproject_equipo1_ws/build/motion
