[0.028s] Invoking command in '/home/lili/ros/Miniproject_equipo1_2_ws/build/motion': CMAKE_PREFIX_PATH=${CMAKE_PREFIX_PATH}:/opt/ros/humble /usr/bin/cmake --build /home/lili/ros/Miniproject_equipo1_2_ws/build/motion -- -j4 -l4
[0.151s] [35m[1mConsolidate compiler generated dependencies of target Controller[0m
[0.195s] [ 50%] [32mBuilding CXX object CMakeFiles/Controller.dir/src/Controller.cpp.o[0m
[14.055s] [100%] [32m[1mLinking CXX executable Controller[0m
[15.476s] [100%] Built target Controller
[15.508s] Invoked command in '/home/lili/ros/Miniproject_equipo1_2_ws/build/motion' returned '0': CMAKE_PREFIX_PATH=${CMAKE_PREFIX_PATH}:/opt/ros/humble /usr/bin/cmake --build /home/lili/ros/Miniproject_equipo1_2_ws/build/motion -- -j4 -l4
[15.530s] Invoking command in '/home/lili/ros/Miniproject_equipo1_2_ws/build/motion': CMAKE_PREFIX_PATH=${CMAKE_PREFIX_PATH}:/opt/ros/humble /usr/bin/cmake --install /home/lili/ros/Miniproject_equipo1_2_ws/build/motion
[15.549s] -- Install configuration: ""
[15.550s] -- Execute custom install script
[15.551s] -- Up-to-date symlink: /home/lili/ros/Miniproject_equipo1_2_ws/install/motion/lib/motion/Controller
[15.551s] -- Up-to-date symlink: /home/lili/ros/Miniproject_equipo1_2_ws/install/motion/share/motion//launch/launch.xml
[15.551s] -- Up-to-date symlink: /home/lili/ros/Miniproject_equipo1_2_ws/install/motion/share/ament_index/resource_index/package_run_dependencies/motion
[15.552s] -- Up-to-date symlink: /home/lili/ros/Miniproject_equipo1_2_ws/install/motion/share/ament_index/resource_index/parent_prefix_path/motion
[15.552s] -- Up-to-date symlink: /home/lili/ros/Miniproject_equipo1_2_ws/install/motion/share/motion/environment/ament_prefix_path.sh
[15.553s] -- Up-to-date symlink: /home/lili/ros/Miniproject_equipo1_2_ws/install/motion/share/motion/environment/ament_prefix_path.dsv
[15.553s] -- Up-to-date symlink: /home/lili/ros/Miniproject_equipo1_2_ws/install/motion/share/motion/environment/path.sh
[15.554s] -- Up-to-date symlink: /home/lili/ros/Miniproject_equipo1_2_ws/install/motion/share/motion/environment/path.dsv
[15.554s] -- Up-to-date symlink: /home/lili/ros/Miniproject_equipo1_2_ws/install/motion/share/motion/local_setup.bash
[15.555s] -- Up-to-date symlink: /home/lili/ros/Miniproject_equipo1_2_ws/install/motion/share/motion/local_setup.sh
[15.556s] -- Up-to-date symlink: /home/lili/ros/Miniproject_equipo1_2_ws/install/motion/share/motion/local_setup.zsh
[15.557s] -- Up-to-date symlink: /home/lili/ros/Miniproject_equipo1_2_ws/install/motion/share/motion/local_setup.dsv
[15.557s] -- Symlinking: /home/lili/ros/Miniproject_equipo1_2_ws/install/motion/share/motion/package.dsv
[15.584s] -- Up-to-date symlink: /home/lili/ros/Miniproject_equipo1_2_ws/install/motion/share/ament_index/resource_index/packages/motion
[15.584s] -- Up-to-date symlink: /home/lili/ros/Miniproject_equipo1_2_ws/install/motion/share/motion/cmake/motionConfig.cmake
[15.585s] -- Up-to-date symlink: /home/lili/ros/Miniproject_equipo1_2_ws/install/motion/share/motion/cmake/motionConfig-version.cmake
[15.585s] -- Up-to-date symlink: /home/lili/ros/Miniproject_equipo1_2_ws/install/motion/share/motion/package.xml
[15.592s] Invoked command in '/home/lili/ros/Miniproject_equipo1_2_ws/build/motion' returned '0': CMAKE_PREFIX_PATH=${CMAKE_PREFIX_PATH}:/opt/ros/humble /usr/bin/cmake --install /home/lili/ros/Miniproject_equipo1_2_ws/build/motion
