[0.102s] DEBUG:colcon:Command line arguments: ['/usr/bin/colcon', 'build', '--symlink-install']
[0.102s] DEBUG:colcon:Parsed command line arguments: Namespace(log_base=None, log_level=None, verb_name='build', build_base='build', install_base='install', merge_install=False, symlink_install=True, test_result_base=None, continue_on_error=False, executor='parallel', parallel_workers=20, event_handlers=None, ignore_user_meta=False, metas=['./colcon.meta'], base_paths=['.'], packages_ignore=None, packages_ignore_regex=None, paths=None, packages_up_to=None, packages_up_to_regex=None, packages_above=None, packages_above_and_dependencies=None, packages_above_depth=None, packages_select_by_dep=None, packages_skip_by_dep=None, packages_skip_up_to=None, packages_select_build_failed=False, packages_skip_build_finished=False, packages_select_test_failures=False, packages_skip_test_passed=False, packages_select=None, packages_skip=None, packages_select_regex=None, packages_skip_regex=None, packages_start=None, packages_end=None, allow_overriding=[], cmake_args=None, cmake_target=None, cmake_target_skip_unavailable=False, cmake_clean_cache=False, cmake_clean_first=False, cmake_force_configure=False, ament_cmake_args=None, catkin_cmake_args=None, catkin_skip_building_tests=False, verb_parser=<colcon_defaults.argument_parser.defaults.DefaultArgumentsDecorator object at 0x75d38b0238b0>, verb_extension=<colcon_core.verb.build.BuildVerb object at 0x75d38b023310>, main=<bound method BuildVerb.main of <colcon_core.verb.build.BuildVerb object at 0x75d38b023310>>)
[0.187s] Level 1:colcon.colcon_core.package_discovery:discover_packages(colcon_meta) check parameters
[0.187s] Level 1:colcon.colcon_core.package_discovery:discover_packages(recursive) check parameters
[0.187s] Level 1:colcon.colcon_core.package_discovery:discover_packages(ignore) check parameters
[0.187s] Level 1:colcon.colcon_core.package_discovery:discover_packages(path) check parameters
[0.187s] Level 1:colcon.colcon_core.package_discovery:discover_packages(colcon_meta) discover
[0.187s] Level 1:colcon.colcon_core.package_discovery:discover_packages(recursive) discover
[0.187s] INFO:colcon.colcon_core.package_discovery:Crawling recursively for packages in '/home/usuario/ros/Miniproject_equipo1_ws'
[0.187s] Level 1:colcon.colcon_core.package_identification:_identify(.) by extensions ['ignore', 'ignore_ament_install']
[0.188s] Level 1:colcon.colcon_core.package_identification:_identify(.) by extension 'ignore'
[0.188s] Level 1:colcon.colcon_core.package_identification:_identify(.) by extension 'ignore_ament_install'
[0.188s] Level 1:colcon.colcon_core.package_identification:_identify(.) by extensions ['colcon_pkg']
[0.188s] Level 1:colcon.colcon_core.package_identification:_identify(.) by extension 'colcon_pkg'
[0.188s] Level 1:colcon.colcon_core.package_identification:_identify(.) by extensions ['colcon_meta']
[0.188s] Level 1:colcon.colcon_core.package_identification:_identify(.) by extension 'colcon_meta'
[0.188s] Level 1:colcon.colcon_core.package_identification:_identify(.) by extensions ['ros']
[0.188s] Level 1:colcon.colcon_core.package_identification:_identify(.) by extension 'ros'
[0.195s] Level 1:colcon.colcon_core.package_identification:_identify(.) by extensions ['cmake', 'python']
[0.195s] Level 1:colcon.colcon_core.package_identification:_identify(.) by extension 'cmake'
[0.195s] Level 1:colcon.colcon_core.package_identification:_identify(.) by extension 'python'
[0.195s] Level 1:colcon.colcon_core.package_identification:_identify(.) by extensions ['python_setup_py']
[0.195s] Level 1:colcon.colcon_core.package_identification:_identify(.) by extension 'python_setup_py'
[0.195s] Level 1:colcon.colcon_core.package_identification:_identify(build) by extensions ['ignore', 'ignore_ament_install']
[0.195s] Level 1:colcon.colcon_core.package_identification:_identify(build) by extension 'ignore'
[0.195s] Level 1:colcon.colcon_core.package_identification:_identify(build) ignored
[0.196s] Level 1:colcon.colcon_core.package_identification:_identify(install) by extensions ['ignore', 'ignore_ament_install']
[0.196s] Level 1:colcon.colcon_core.package_identification:_identify(install) by extension 'ignore'
[0.196s] Level 1:colcon.colcon_core.package_identification:_identify(install) ignored
[0.196s] Level 1:colcon.colcon_core.package_identification:_identify(log) by extensions ['ignore', 'ignore_ament_install']
[0.196s] Level 1:colcon.colcon_core.package_identification:_identify(log) by extension 'ignore'
[0.196s] Level 1:colcon.colcon_core.package_identification:_identify(log) ignored
[0.196s] Level 1:colcon.colcon_core.package_identification:_identify(src) by extensions ['ignore', 'ignore_ament_install']
[0.196s] Level 1:colcon.colcon_core.package_identification:_identify(src) by extension 'ignore'
[0.196s] Level 1:colcon.colcon_core.package_identification:_identify(src) by extension 'ignore_ament_install'
[0.196s] Level 1:colcon.colcon_core.package_identification:_identify(src) by extensions ['colcon_pkg']
[0.196s] Level 1:colcon.colcon_core.package_identification:_identify(src) by extension 'colcon_pkg'
[0.196s] Level 1:colcon.colcon_core.package_identification:_identify(src) by extensions ['colcon_meta']
[0.196s] Level 1:colcon.colcon_core.package_identification:_identify(src) by extension 'colcon_meta'
[0.196s] Level 1:colcon.colcon_core.package_identification:_identify(src) by extensions ['ros']
[0.196s] Level 1:colcon.colcon_core.package_identification:_identify(src) by extension 'ros'
[0.196s] Level 1:colcon.colcon_core.package_identification:_identify(src) by extensions ['cmake', 'python']
[0.196s] Level 1:colcon.colcon_core.package_identification:_identify(src) by extension 'cmake'
[0.196s] Level 1:colcon.colcon_core.package_identification:_identify(src) by extension 'python'
[0.196s] Level 1:colcon.colcon_core.package_identification:_identify(src) by extensions ['python_setup_py']
[0.196s] Level 1:colcon.colcon_core.package_identification:_identify(src) by extension 'python_setup_py'
[0.196s] Level 1:colcon.colcon_core.package_identification:_identify(src/motion) by extensions ['ignore', 'ignore_ament_install']
[0.196s] Level 1:colcon.colcon_core.package_identification:_identify(src/motion) by extension 'ignore'
[0.196s] Level 1:colcon.colcon_core.package_identification:_identify(src/motion) by extension 'ignore_ament_install'
[0.196s] Level 1:colcon.colcon_core.package_identification:_identify(src/motion) by extensions ['colcon_pkg']
[0.196s] Level 1:colcon.colcon_core.package_identification:_identify(src/motion) by extension 'colcon_pkg'
[0.196s] Level 1:colcon.colcon_core.package_identification:_identify(src/motion) by extensions ['colcon_meta']
[0.196s] Level 1:colcon.colcon_core.package_identification:_identify(src/motion) by extension 'colcon_meta'
[0.197s] Level 1:colcon.colcon_core.package_identification:_identify(src/motion) by extensions ['ros']
[0.197s] Level 1:colcon.colcon_core.package_identification:_identify(src/motion) by extension 'ros'
[0.198s] DEBUG:colcon.colcon_core.package_identification:Package 'src/motion' with type 'ros.ament_cmake' and name 'motion'
[0.198s] Level 1:colcon.colcon_core.package_discovery:discover_packages(recursive) using defaults
[0.198s] Level 1:colcon.colcon_core.package_discovery:discover_packages(ignore) discover
[0.198s] Level 1:colcon.colcon_core.package_discovery:discover_packages(ignore) using defaults
[0.198s] Level 1:colcon.colcon_core.package_discovery:discover_packages(path) discover
[0.198s] Level 1:colcon.colcon_core.package_discovery:discover_packages(path) using defaults
[0.209s] Level 1:colcon.colcon_core.package_discovery:discover_packages(prefix_path) check parameters
[0.209s] Level 1:colcon.colcon_core.package_discovery:discover_packages(prefix_path) discover
[0.211s] DEBUG:colcon.colcon_installed_package_information.package_discovery:Found 1 installed packages in /home/usuario/ros/Miniproject_equipo1_ws/install
[0.211s] DEBUG:colcon.colcon_installed_package_information.package_discovery:Found 271 installed packages in /opt/ros/humble
[0.212s] Level 1:colcon.colcon_core.package_discovery:discover_packages(prefix_path) using defaults
[0.238s] Level 5:colcon.colcon_core.verb:set package 'motion' build argument 'cmake_args' from command line to 'None'
[0.238s] Level 5:colcon.colcon_core.verb:set package 'motion' build argument 'cmake_target' from command line to 'None'
[0.238s] Level 5:colcon.colcon_core.verb:set package 'motion' build argument 'cmake_target_skip_unavailable' from command line to 'False'
[0.238s] Level 5:colcon.colcon_core.verb:set package 'motion' build argument 'cmake_clean_cache' from command line to 'False'
[0.238s] Level 5:colcon.colcon_core.verb:set package 'motion' build argument 'cmake_clean_first' from command line to 'False'
[0.238s] Level 5:colcon.colcon_core.verb:set package 'motion' build argument 'cmake_force_configure' from command line to 'False'
[0.238s] Level 5:colcon.colcon_core.verb:set package 'motion' build argument 'ament_cmake_args' from command line to 'None'
[0.238s] Level 5:colcon.colcon_core.verb:set package 'motion' build argument 'catkin_cmake_args' from command line to 'None'
[0.238s] Level 5:colcon.colcon_core.verb:set package 'motion' build argument 'catkin_skip_building_tests' from command line to 'False'
[0.238s] DEBUG:colcon.colcon_core.verb:Building package 'motion' with the following arguments: {'ament_cmake_args': None, 'build_base': '/home/usuario/ros/Miniproject_equipo1_ws/build/motion', 'catkin_cmake_args': None, 'catkin_skip_building_tests': False, 'cmake_args': None, 'cmake_clean_cache': False, 'cmake_clean_first': False, 'cmake_force_configure': False, 'cmake_target': None, 'cmake_target_skip_unavailable': False, 'install_base': '/home/usuario/ros/Miniproject_equipo1_ws/install/motion', 'merge_install': False, 'path': '/home/usuario/ros/Miniproject_equipo1_ws/src/motion', 'symlink_install': True, 'test_result_base': None}
[0.238s] INFO:colcon.colcon_core.executor:Executing jobs using 'parallel' executor
[0.239s] DEBUG:colcon.colcon_parallel_executor.executor.parallel:run_until_complete
[0.240s] INFO:colcon.colcon_ros.task.ament_cmake.build:Building ROS package in '/home/usuario/ros/Miniproject_equipo1_ws/src/motion' with build type 'ament_cmake'
[0.240s] INFO:colcon.colcon_cmake.task.cmake.build:Building CMake package in '/home/usuario/ros/Miniproject_equipo1_ws/src/motion'
[0.241s] INFO:colcon.colcon_core.plugin_system:Skipping extension 'colcon_core.shell.bat': Not used on non-Windows systems
[0.241s] INFO:colcon.colcon_core.shell:Skip shell extension 'powershell' for command environment: Not usable outside of PowerShell
[0.241s] DEBUG:colcon.colcon_core.shell:Skip shell extension 'dsv' for command environment
[0.248s] DEBUG:colcon.colcon_core.event_handler.log_command:Invoking command in '/home/usuario/ros/Miniproject_equipo1_ws/build/motion': CMAKE_PREFIX_PATH=${CMAKE_PREFIX_PATH}:/opt/ros/humble /usr/bin/cmake --build /home/usuario/ros/Miniproject_equipo1_ws/build/motion -- -j20 -l20
[6.422s] DEBUG:colcon.colcon_core.event_handler.log_command:Invoked command in '/home/usuario/ros/Miniproject_equipo1_ws/build/motion' returned '0': CMAKE_PREFIX_PATH=${CMAKE_PREFIX_PATH}:/opt/ros/humble /usr/bin/cmake --build /home/usuario/ros/Miniproject_equipo1_ws/build/motion -- -j20 -l20
[6.430s] DEBUG:colcon.colcon_core.event_handler.log_command:Invoking command in '/home/usuario/ros/Miniproject_equipo1_ws/build/motion': CMAKE_PREFIX_PATH=${CMAKE_PREFIX_PATH}:/opt/ros/humble /usr/bin/cmake --install /home/usuario/ros/Miniproject_equipo1_ws/build/motion
[6.444s] Level 1:colcon.colcon_core.environment:create_environment_scripts_only(motion)
[6.444s] DEBUG:colcon.colcon_core.event_handler.log_command:Invoked command in '/home/usuario/ros/Miniproject_equipo1_ws/build/motion' returned '0': CMAKE_PREFIX_PATH=${CMAKE_PREFIX_PATH}:/opt/ros/humble /usr/bin/cmake --install /home/usuario/ros/Miniproject_equipo1_ws/build/motion
[6.446s] Level 1:colcon.colcon_core.environment:checking '/home/usuario/ros/Miniproject_equipo1_ws/install/motion' for CMake module files
[6.446s] Level 1:colcon.colcon_core.environment:checking '/home/usuario/ros/Miniproject_equipo1_ws/install/motion' for CMake config files
[6.446s] Level 1:colcon.colcon_core.shell:create_environment_hook('motion', 'cmake_prefix_path')
[6.446s] INFO:colcon.colcon_core.shell:Creating environment hook '/home/usuario/ros/Miniproject_equipo1_ws/install/motion/share/motion/hook/cmake_prefix_path.ps1'
[6.447s] INFO:colcon.colcon_core.shell:Creating environment descriptor '/home/usuario/ros/Miniproject_equipo1_ws/install/motion/share/motion/hook/cmake_prefix_path.dsv'
[6.447s] INFO:colcon.colcon_core.shell:Creating environment hook '/home/usuario/ros/Miniproject_equipo1_ws/install/motion/share/motion/hook/cmake_prefix_path.sh'
[6.448s] Level 1:colcon.colcon_core.environment:checking '/home/usuario/ros/Miniproject_equipo1_ws/install/motion/lib'
[6.448s] Level 1:colcon.colcon_core.environment:checking '/home/usuario/ros/Miniproject_equipo1_ws/install/motion/bin'
[6.448s] Level 1:colcon.colcon_core.environment:checking '/home/usuario/ros/Miniproject_equipo1_ws/install/motion/lib/pkgconfig/motion.pc'
[6.448s] Level 1:colcon.colcon_core.environment:checking '/home/usuario/ros/Miniproject_equipo1_ws/install/motion/lib/python3.10/site-packages'
[6.448s] Level 1:colcon.colcon_core.environment:checking '/home/usuario/ros/Miniproject_equipo1_ws/install/motion/bin'
[6.448s] INFO:colcon.colcon_core.shell:Creating package script '/home/usuario/ros/Miniproject_equipo1_ws/install/motion/share/motion/package.ps1'
[6.449s] INFO:colcon.colcon_core.shell:Creating package descriptor '/home/usuario/ros/Miniproject_equipo1_ws/install/motion/share/motion/package.dsv'
[6.449s] INFO:colcon.colcon_core.shell:Creating package script '/home/usuario/ros/Miniproject_equipo1_ws/install/motion/share/motion/package.sh'
[6.450s] INFO:colcon.colcon_core.shell:Creating package script '/home/usuario/ros/Miniproject_equipo1_ws/install/motion/share/motion/package.bash'
[6.450s] INFO:colcon.colcon_core.shell:Creating package script '/home/usuario/ros/Miniproject_equipo1_ws/install/motion/share/motion/package.zsh'
[6.450s] Level 1:colcon.colcon_core.environment:create_file_with_runtime_dependencies(/home/usuario/ros/Miniproject_equipo1_ws/install/motion/share/colcon-core/packages/motion)
[6.451s] Level 1:colcon.colcon_core.environment:create_environment_scripts_only(motion)
[6.451s] Level 1:colcon.colcon_core.environment:checking '/home/usuario/ros/Miniproject_equipo1_ws/install/motion' for CMake module files
[6.451s] Level 1:colcon.colcon_core.environment:checking '/home/usuario/ros/Miniproject_equipo1_ws/install/motion' for CMake config files
[6.451s] Level 1:colcon.colcon_core.shell:create_environment_hook('motion', 'cmake_prefix_path')
[6.452s] INFO:colcon.colcon_core.shell:Creating environment hook '/home/usuario/ros/Miniproject_equipo1_ws/install/motion/share/motion/hook/cmake_prefix_path.ps1'
[6.452s] INFO:colcon.colcon_core.shell:Creating environment descriptor '/home/usuario/ros/Miniproject_equipo1_ws/install/motion/share/motion/hook/cmake_prefix_path.dsv'
[6.452s] INFO:colcon.colcon_core.shell:Creating environment hook '/home/usuario/ros/Miniproject_equipo1_ws/install/motion/share/motion/hook/cmake_prefix_path.sh'
[6.453s] Level 1:colcon.colcon_core.environment:checking '/home/usuario/ros/Miniproject_equipo1_ws/install/motion/lib'
[6.453s] Level 1:colcon.colcon_core.environment:checking '/home/usuario/ros/Miniproject_equipo1_ws/install/motion/bin'
[6.453s] Level 1:colcon.colcon_core.environment:checking '/home/usuario/ros/Miniproject_equipo1_ws/install/motion/lib/pkgconfig/motion.pc'
[6.453s] Level 1:colcon.colcon_core.environment:checking '/home/usuario/ros/Miniproject_equipo1_ws/install/motion/lib/python3.10/site-packages'
[6.453s] Level 1:colcon.colcon_core.environment:checking '/home/usuario/ros/Miniproject_equipo1_ws/install/motion/bin'
[6.453s] INFO:colcon.colcon_core.shell:Creating package script '/home/usuario/ros/Miniproject_equipo1_ws/install/motion/share/motion/package.ps1'
[6.454s] INFO:colcon.colcon_core.shell:Creating package descriptor '/home/usuario/ros/Miniproject_equipo1_ws/install/motion/share/motion/package.dsv'
[6.454s] INFO:colcon.colcon_core.shell:Creating package script '/home/usuario/ros/Miniproject_equipo1_ws/install/motion/share/motion/package.sh'
[6.454s] INFO:colcon.colcon_core.shell:Creating package script '/home/usuario/ros/Miniproject_equipo1_ws/install/motion/share/motion/package.bash'
[6.454s] INFO:colcon.colcon_core.shell:Creating package script '/home/usuario/ros/Miniproject_equipo1_ws/install/motion/share/motion/package.zsh'
[6.455s] Level 1:colcon.colcon_core.environment:create_file_with_runtime_dependencies(/home/usuario/ros/Miniproject_equipo1_ws/install/motion/share/colcon-core/packages/motion)
[6.455s] DEBUG:colcon.colcon_parallel_executor.executor.parallel:closing loop
[6.455s] DEBUG:colcon.colcon_parallel_executor.executor.parallel:loop closed
[6.455s] DEBUG:colcon.colcon_parallel_executor.executor.parallel:run_until_complete finished with '0'
[6.455s] DEBUG:colcon.colcon_core.event_reactor:joining thread
[6.476s] INFO:colcon.colcon_core.plugin_system:Skipping extension 'colcon_notification.desktop_notification.notify_send': Could not find 'notify-send'
[6.476s] INFO:colcon.colcon_core.plugin_system:Skipping extension 'colcon_notification.desktop_notification.terminal_notifier': Not used on non-Darwin systems
[6.476s] INFO:colcon.colcon_core.plugin_system:Skipping extension 'colcon_notification.desktop_notification.win32': Not used on non-Windows systems
[6.476s] INFO:colcon.colcon_notification.desktop_notification:Sending desktop notification using 'notify2'
[6.476s] DEBUG:colcon.colcon_notification.desktop_notification.notify2:Failed to initialize notify2: org.freedesktop.DBus.Error.FileNotFound: Failed to connect to socket /run/user/1000/bus: No such file or directory
[6.476s] DEBUG:colcon.colcon_core.event_reactor:joined thread
[6.477s] INFO:colcon.colcon_core.shell:Creating prefix script '/home/usuario/ros/Miniproject_equipo1_ws/install/local_setup.ps1'
[6.477s] INFO:colcon.colcon_core.shell:Creating prefix util module '/home/usuario/ros/Miniproject_equipo1_ws/install/_local_setup_util_ps1.py'
[6.478s] INFO:colcon.colcon_core.shell:Creating prefix chain script '/home/usuario/ros/Miniproject_equipo1_ws/install/setup.ps1'
[6.479s] INFO:colcon.colcon_core.shell:Creating prefix script '/home/usuario/ros/Miniproject_equipo1_ws/install/local_setup.sh'
[6.479s] INFO:colcon.colcon_core.shell:Creating prefix util module '/home/usuario/ros/Miniproject_equipo1_ws/install/_local_setup_util_sh.py'
[6.479s] INFO:colcon.colcon_core.shell:Creating prefix chain script '/home/usuario/ros/Miniproject_equipo1_ws/install/setup.sh'
[6.480s] INFO:colcon.colcon_core.shell:Creating prefix script '/home/usuario/ros/Miniproject_equipo1_ws/install/local_setup.bash'
[6.480s] INFO:colcon.colcon_core.shell:Creating prefix chain script '/home/usuario/ros/Miniproject_equipo1_ws/install/setup.bash'
[6.481s] INFO:colcon.colcon_core.shell:Creating prefix script '/home/usuario/ros/Miniproject_equipo1_ws/install/local_setup.zsh'
[6.481s] INFO:colcon.colcon_core.shell:Creating prefix chain script '/home/usuario/ros/Miniproject_equipo1_ws/install/setup.zsh'
