[0.125s] DEBUG:colcon:Command line arguments: ['/usr/bin/colcon', 'build', '--symlink-install']
[0.125s] DEBUG:colcon:Parsed command line arguments: Namespace(log_base=None, log_level=None, verb_name='build', build_base='build', install_base='install', merge_install=False, symlink_install=True, test_result_base=None, continue_on_error=False, executor='parallel', parallel_workers=4, event_handlers=None, ignore_user_meta=False, metas=['./colcon.meta'], base_paths=['.'], packages_ignore=None, packages_ignore_regex=None, paths=None, packages_up_to=None, packages_up_to_regex=None, packages_above=None, packages_above_and_dependencies=None, packages_above_depth=None, packages_select_by_dep=None, packages_skip_by_dep=None, packages_skip_up_to=None, packages_select_build_failed=False, packages_skip_build_finished=False, packages_select_test_failures=False, packages_skip_test_passed=False, packages_select=None, packages_skip=None, packages_select_regex=None, packages_skip_regex=None, packages_start=None, packages_end=None, allow_overriding=[], cmake_args=None, cmake_target=None, cmake_target_skip_unavailable=False, cmake_clean_cache=False, cmake_clean_first=False, cmake_force_configure=False, ament_cmake_args=None, catkin_cmake_args=None, catkin_skip_building_tests=False, mixin_files=None, mixin=None, verb_parser=<colcon_mixin.mixin.mixin_argument.MixinArgumentDecorator object at 0x7cf227155960>, verb_extension=<colcon_core.verb.build.BuildVerb object at 0x7cf227155390>, main=<bound method BuildVerb.main of <colcon_core.verb.build.BuildVerb object at 0x7cf227155390>>, mixin_verb=('build',))
[0.502s] Level 1:colcon.colcon_core.package_discovery:discover_packages(colcon_meta) check parameters
[0.503s] Level 1:colcon.colcon_core.package_discovery:discover_packages(recursive) check parameters
[0.503s] Level 1:colcon.colcon_core.package_discovery:discover_packages(ignore) check parameters
[0.503s] Level 1:colcon.colcon_core.package_discovery:discover_packages(path) check parameters
[0.503s] Level 1:colcon.colcon_core.package_discovery:discover_packages(colcon_meta) discover
[0.504s] Level 1:colcon.colcon_core.package_discovery:discover_packages(recursive) discover
[0.504s] INFO:colcon.colcon_core.package_discovery:Crawling recursively for packages in '/home/lili/ros/Miniproject_equipo1_2_ws'
[0.504s] Level 1:colcon.colcon_core.package_identification:_identify(.) by extensions ['ignore', 'ignore_ament_install']
[0.505s] Level 1:colcon.colcon_core.package_identification:_identify(.) by extension 'ignore'
[0.505s] Level 1:colcon.colcon_core.package_identification:_identify(.) by extension 'ignore_ament_install'
[0.505s] Level 1:colcon.colcon_core.package_identification:_identify(.) by extensions ['colcon_pkg']
[0.505s] Level 1:colcon.colcon_core.package_identification:_identify(.) by extension 'colcon_pkg'
[0.505s] Level 1:colcon.colcon_core.package_identification:_identify(.) by extensions ['colcon_meta']
[0.505s] Level 1:colcon.colcon_core.package_identification:_identify(.) by extension 'colcon_meta'
[0.505s] Level 1:colcon.colcon_core.package_identification:_identify(.) by extensions ['ros']
[0.506s] Level 1:colcon.colcon_core.package_identification:_identify(.) by extension 'ros'
[0.550s] Level 1:colcon.colcon_core.package_identification:_identify(.) by extensions ['cmake', 'python']
[0.550s] Level 1:colcon.colcon_core.package_identification:_identify(.) by extension 'cmake'
[0.550s] Level 1:colcon.colcon_core.package_identification:_identify(.) by extension 'python'
[0.550s] Level 1:colcon.colcon_core.package_identification:_identify(.) by extensions ['python_setup_py']
[0.550s] Level 1:colcon.colcon_core.package_identification:_identify(.) by extension 'python_setup_py'
[0.551s] Level 1:colcon.colcon_core.package_identification:_identify(build) by extensions ['ignore', 'ignore_ament_install']
[0.551s] Level 1:colcon.colcon_core.package_identification:_identify(build) by extension 'ignore'
[0.551s] Level 1:colcon.colcon_core.package_identification:_identify(build) ignored
[0.551s] Level 1:colcon.colcon_core.package_identification:_identify(install) by extensions ['ignore', 'ignore_ament_install']
[0.551s] Level 1:colcon.colcon_core.package_identification:_identify(install) by extension 'ignore'
[0.551s] Level 1:colcon.colcon_core.package_identification:_identify(install) ignored
[0.551s] Level 1:colcon.colcon_core.package_identification:_identify(log) by extensions ['ignore', 'ignore_ament_install']
[0.551s] Level 1:colcon.colcon_core.package_identification:_identify(log) by extension 'ignore'
[0.552s] Level 1:colcon.colcon_core.package_identification:_identify(log) ignored
[0.552s] Level 1:colcon.colcon_core.package_identification:_identify(src) by extensions ['ignore', 'ignore_ament_install']
[0.552s] Level 1:colcon.colcon_core.package_identification:_identify(src) by extension 'ignore'
[0.552s] Level 1:colcon.colcon_core.package_identification:_identify(src) by extension 'ignore_ament_install'
[0.552s] Level 1:colcon.colcon_core.package_identification:_identify(src) by extensions ['colcon_pkg']
[0.552s] Level 1:colcon.colcon_core.package_identification:_identify(src) by extension 'colcon_pkg'
[0.552s] Level 1:colcon.colcon_core.package_identification:_identify(src) by extensions ['colcon_meta']
[0.552s] Level 1:colcon.colcon_core.package_identification:_identify(src) by extension 'colcon_meta'
[0.552s] Level 1:colcon.colcon_core.package_identification:_identify(src) by extensions ['ros']
[0.552s] Level 1:colcon.colcon_core.package_identification:_identify(src) by extension 'ros'
[0.552s] Level 1:colcon.colcon_core.package_identification:_identify(src) by extensions ['cmake', 'python']
[0.552s] Level 1:colcon.colcon_core.package_identification:_identify(src) by extension 'cmake'
[0.552s] Level 1:colcon.colcon_core.package_identification:_identify(src) by extension 'python'
[0.552s] Level 1:colcon.colcon_core.package_identification:_identify(src) by extensions ['python_setup_py']
[0.552s] Level 1:colcon.colcon_core.package_identification:_identify(src) by extension 'python_setup_py'
[0.553s] Level 1:colcon.colcon_core.package_identification:_identify(src/motion) by extensions ['ignore', 'ignore_ament_install']
[0.553s] Level 1:colcon.colcon_core.package_identification:_identify(src/motion) by extension 'ignore'
[0.553s] Level 1:colcon.colcon_core.package_identification:_identify(src/motion) by extension 'ignore_ament_install'
[0.553s] Level 1:colcon.colcon_core.package_identification:_identify(src/motion) by extensions ['colcon_pkg']
[0.553s] Level 1:colcon.colcon_core.package_identification:_identify(src/motion) by extension 'colcon_pkg'
[0.553s] Level 1:colcon.colcon_core.package_identification:_identify(src/motion) by extensions ['colcon_meta']
[0.553s] Level 1:colcon.colcon_core.package_identification:_identify(src/motion) by extension 'colcon_meta'
[0.553s] Level 1:colcon.colcon_core.package_identification:_identify(src/motion) by extensions ['ros']
[0.553s] Level 1:colcon.colcon_core.package_identification:_identify(src/motion) by extension 'ros'
[0.560s] DEBUG:colcon.colcon_core.package_identification:Package 'src/motion' with type 'ros.ament_cmake' and name 'motion'
[0.560s] Level 1:colcon.colcon_core.package_discovery:discover_packages(recursive) using defaults
[0.561s] Level 1:colcon.colcon_core.package_discovery:discover_packages(ignore) discover
[0.561s] Level 1:colcon.colcon_core.package_discovery:discover_packages(ignore) using defaults
[0.561s] Level 1:colcon.colcon_core.package_discovery:discover_packages(path) discover
[0.561s] Level 1:colcon.colcon_core.package_discovery:discover_packages(path) using defaults
[0.637s] Level 1:colcon.colcon_core.package_discovery:discover_packages(prefix_path) check parameters
[0.638s] Level 1:colcon.colcon_core.package_discovery:discover_packages(prefix_path) discover
[0.641s] DEBUG:colcon.colcon_installed_package_information.package_discovery:Found 1 installed packages in /home/lili/ros/Miniproject_equipo1_2_ws/install
[0.642s] DEBUG:colcon.colcon_installed_package_information.package_discovery:Found 297 installed packages in /opt/ros/humble
[0.644s] Level 1:colcon.colcon_core.package_discovery:discover_packages(prefix_path) using defaults
[0.758s] Level 5:colcon.colcon_core.verb:set package 'motion' build argument 'cmake_args' from command line to 'None'
[0.758s] Level 5:colcon.colcon_core.verb:set package 'motion' build argument 'cmake_target' from command line to 'None'
[0.758s] Level 5:colcon.colcon_core.verb:set package 'motion' build argument 'cmake_target_skip_unavailable' from command line to 'False'
[0.758s] Level 5:colcon.colcon_core.verb:set package 'motion' build argument 'cmake_clean_cache' from command line to 'False'
[0.758s] Level 5:colcon.colcon_core.verb:set package 'motion' build argument 'cmake_clean_first' from command line to 'False'
[0.758s] Level 5:colcon.colcon_core.verb:set package 'motion' build argument 'cmake_force_configure' from command line to 'False'
[0.758s] Level 5:colcon.colcon_core.verb:set package 'motion' build argument 'ament_cmake_args' from command line to 'None'
[0.758s] Level 5:colcon.colcon_core.verb:set package 'motion' build argument 'catkin_cmake_args' from command line to 'None'
[0.758s] Level 5:colcon.colcon_core.verb:set package 'motion' build argument 'catkin_skip_building_tests' from command line to 'False'
[0.758s] DEBUG:colcon.colcon_core.verb:Building package 'motion' with the following arguments: {'ament_cmake_args': None, 'build_base': '/home/lili/ros/Miniproject_equipo1_2_ws/build/motion', 'catkin_cmake_args': None, 'catkin_skip_building_tests': False, 'cmake_args': None, 'cmake_clean_cache': False, 'cmake_clean_first': False, 'cmake_force_configure': False, 'cmake_target': None, 'cmake_target_skip_unavailable': False, 'install_base': '/home/lili/ros/Miniproject_equipo1_2_ws/install/motion', 'merge_install': False, 'path': '/home/lili/ros/Miniproject_equipo1_2_ws/src/motion', 'symlink_install': True, 'test_result_base': None}
[0.758s] INFO:colcon.colcon_core.executor:Executing jobs using 'parallel' executor
[0.759s] DEBUG:colcon.colcon_parallel_executor.executor.parallel:run_until_complete
[0.760s] INFO:colcon.colcon_ros.task.ament_cmake.build:Building ROS package in '/home/lili/ros/Miniproject_equipo1_2_ws/src/motion' with build type 'ament_cmake'
[0.760s] INFO:colcon.colcon_cmake.task.cmake.build:Building CMake package in '/home/lili/ros/Miniproject_equipo1_2_ws/src/motion'
[0.766s] INFO:colcon.colcon_core.plugin_system:Skipping extension 'colcon_core.shell.bat': Not used on non-Windows systems
[0.767s] INFO:colcon.colcon_core.shell:Skip shell extension 'powershell' for command environment: Not usable outside of PowerShell
[0.767s] DEBUG:colcon.colcon_core.shell:Skip shell extension 'dsv' for command environment
[0.798s] DEBUG:colcon.colcon_core.event_handler.log_command:Invoking command in '/home/lili/ros/Miniproject_equipo1_2_ws/build/motion': CMAKE_PREFIX_PATH=${CMAKE_PREFIX_PATH}:/opt/ros/humble /usr/bin/cmake --build /home/lili/ros/Miniproject_equipo1_2_ws/build/motion -- -j4 -l4
[16.577s] DEBUG:colcon.colcon_core.event_handler.log_command:Invoked command in '/home/lili/ros/Miniproject_equipo1_2_ws/build/motion' returned '0': CMAKE_PREFIX_PATH=${CMAKE_PREFIX_PATH}:/opt/ros/humble /usr/bin/cmake --build /home/lili/ros/Miniproject_equipo1_2_ws/build/motion -- -j4 -l4
[16.609s] DEBUG:colcon.colcon_core.event_handler.log_command:Invoking command in '/home/lili/ros/Miniproject_equipo1_2_ws/build/motion': CMAKE_PREFIX_PATH=${CMAKE_PREFIX_PATH}:/opt/ros/humble /usr/bin/cmake --install /home/lili/ros/Miniproject_equipo1_2_ws/build/motion
[16.657s] Level 1:colcon.colcon_core.environment:create_environment_scripts_only(motion)
[16.659s] DEBUG:colcon.colcon_core.event_handler.log_command:Invoked command in '/home/lili/ros/Miniproject_equipo1_2_ws/build/motion' returned '0': CMAKE_PREFIX_PATH=${CMAKE_PREFIX_PATH}:/opt/ros/humble /usr/bin/cmake --install /home/lili/ros/Miniproject_equipo1_2_ws/build/motion
[16.663s] Level 1:colcon.colcon_core.environment:checking '/home/lili/ros/Miniproject_equipo1_2_ws/install/motion' for CMake module files
[16.663s] Level 1:colcon.colcon_core.environment:checking '/home/lili/ros/Miniproject_equipo1_2_ws/install/motion' for CMake config files
[16.664s] Level 1:colcon.colcon_core.shell:create_environment_hook('motion', 'cmake_prefix_path')
[16.665s] INFO:colcon.colcon_core.shell:Creating environment hook '/home/lili/ros/Miniproject_equipo1_2_ws/install/motion/share/motion/hook/cmake_prefix_path.ps1'
[16.668s] INFO:colcon.colcon_core.shell:Creating environment descriptor '/home/lili/ros/Miniproject_equipo1_2_ws/install/motion/share/motion/hook/cmake_prefix_path.dsv'
[16.671s] INFO:colcon.colcon_core.shell:Creating environment hook '/home/lili/ros/Miniproject_equipo1_2_ws/install/motion/share/motion/hook/cmake_prefix_path.sh'
[16.674s] Level 1:colcon.colcon_core.environment:checking '/home/lili/ros/Miniproject_equipo1_2_ws/install/motion/lib'
[16.675s] Level 1:colcon.colcon_core.environment:checking '/home/lili/ros/Miniproject_equipo1_2_ws/install/motion/bin'
[16.675s] Level 1:colcon.colcon_core.environment:checking '/home/lili/ros/Miniproject_equipo1_2_ws/install/motion/lib/pkgconfig/motion.pc'
[16.676s] Level 1:colcon.colcon_core.environment:checking '/home/lili/ros/Miniproject_equipo1_2_ws/install/motion/lib/python3.10/site-packages'
[16.676s] Level 1:colcon.colcon_core.environment:checking '/home/lili/ros/Miniproject_equipo1_2_ws/install/motion/bin'
[16.677s] INFO:colcon.colcon_core.shell:Creating package script '/home/lili/ros/Miniproject_equipo1_2_ws/install/motion/share/motion/package.ps1'
[16.678s] INFO:colcon.colcon_core.shell:Creating package descriptor '/home/lili/ros/Miniproject_equipo1_2_ws/install/motion/share/motion/package.dsv'
[16.679s] INFO:colcon.colcon_core.shell:Creating package script '/home/lili/ros/Miniproject_equipo1_2_ws/install/motion/share/motion/package.sh'
[16.679s] INFO:colcon.colcon_core.shell:Creating package script '/home/lili/ros/Miniproject_equipo1_2_ws/install/motion/share/motion/package.bash'
[16.680s] INFO:colcon.colcon_core.shell:Creating package script '/home/lili/ros/Miniproject_equipo1_2_ws/install/motion/share/motion/package.zsh'
[16.681s] Level 1:colcon.colcon_core.environment:create_file_with_runtime_dependencies(/home/lili/ros/Miniproject_equipo1_2_ws/install/motion/share/colcon-core/packages/motion)
[16.684s] Level 1:colcon.colcon_core.environment:create_environment_scripts_only(motion)
[16.686s] Level 1:colcon.colcon_core.environment:checking '/home/lili/ros/Miniproject_equipo1_2_ws/install/motion' for CMake module files
[16.688s] Level 1:colcon.colcon_core.environment:checking '/home/lili/ros/Miniproject_equipo1_2_ws/install/motion' for CMake config files
[16.691s] Level 1:colcon.colcon_core.shell:create_environment_hook('motion', 'cmake_prefix_path')
[16.692s] INFO:colcon.colcon_core.shell:Creating environment hook '/home/lili/ros/Miniproject_equipo1_2_ws/install/motion/share/motion/hook/cmake_prefix_path.ps1'
[16.695s] INFO:colcon.colcon_core.shell:Creating environment descriptor '/home/lili/ros/Miniproject_equipo1_2_ws/install/motion/share/motion/hook/cmake_prefix_path.dsv'
[16.695s] INFO:colcon.colcon_core.shell:Creating environment hook '/home/lili/ros/Miniproject_equipo1_2_ws/install/motion/share/motion/hook/cmake_prefix_path.sh'
[16.697s] Level 1:colcon.colcon_core.environment:checking '/home/lili/ros/Miniproject_equipo1_2_ws/install/motion/lib'
[16.697s] Level 1:colcon.colcon_core.environment:checking '/home/lili/ros/Miniproject_equipo1_2_ws/install/motion/bin'
[16.697s] Level 1:colcon.colcon_core.environment:checking '/home/lili/ros/Miniproject_equipo1_2_ws/install/motion/lib/pkgconfig/motion.pc'
[16.699s] Level 1:colcon.colcon_core.environment:checking '/home/lili/ros/Miniproject_equipo1_2_ws/install/motion/lib/python3.10/site-packages'
[16.700s] Level 1:colcon.colcon_core.environment:checking '/home/lili/ros/Miniproject_equipo1_2_ws/install/motion/bin'
[16.701s] INFO:colcon.colcon_core.shell:Creating package script '/home/lili/ros/Miniproject_equipo1_2_ws/install/motion/share/motion/package.ps1'
[16.705s] INFO:colcon.colcon_core.shell:Creating package descriptor '/home/lili/ros/Miniproject_equipo1_2_ws/install/motion/share/motion/package.dsv'
[16.707s] INFO:colcon.colcon_core.shell:Creating package script '/home/lili/ros/Miniproject_equipo1_2_ws/install/motion/share/motion/package.sh'
[16.708s] INFO:colcon.colcon_core.shell:Creating package script '/home/lili/ros/Miniproject_equipo1_2_ws/install/motion/share/motion/package.bash'
[16.709s] INFO:colcon.colcon_core.shell:Creating package script '/home/lili/ros/Miniproject_equipo1_2_ws/install/motion/share/motion/package.zsh'
[16.710s] Level 1:colcon.colcon_core.environment:create_file_with_runtime_dependencies(/home/lili/ros/Miniproject_equipo1_2_ws/install/motion/share/colcon-core/packages/motion)
[16.710s] DEBUG:colcon.colcon_parallel_executor.executor.parallel:closing loop
[16.711s] DEBUG:colcon.colcon_parallel_executor.executor.parallel:loop closed
[16.711s] DEBUG:colcon.colcon_parallel_executor.executor.parallel:run_until_complete finished with '0'
[16.711s] DEBUG:colcon.colcon_core.event_reactor:joining thread
[16.727s] INFO:colcon.colcon_core.plugin_system:Skipping extension 'colcon_notification.desktop_notification.terminal_notifier': Not used on non-Darwin systems
[16.728s] INFO:colcon.colcon_core.plugin_system:Skipping extension 'colcon_notification.desktop_notification.win32': Not used on non-Windows systems
[16.728s] INFO:colcon.colcon_notification.desktop_notification:Sending desktop notification using 'notify2'
[16.759s] DEBUG:colcon.colcon_core.event_reactor:joined thread
[16.760s] INFO:colcon.colcon_core.shell:Creating prefix script '/home/lili/ros/Miniproject_equipo1_2_ws/install/local_setup.ps1'
[16.762s] INFO:colcon.colcon_core.shell:Creating prefix util module '/home/lili/ros/Miniproject_equipo1_2_ws/install/_local_setup_util_ps1.py'
[16.769s] INFO:colcon.colcon_core.shell:Creating prefix chain script '/home/lili/ros/Miniproject_equipo1_2_ws/install/setup.ps1'
[16.776s] INFO:colcon.colcon_core.shell:Creating prefix script '/home/lili/ros/Miniproject_equipo1_2_ws/install/local_setup.sh'
[16.778s] INFO:colcon.colcon_core.shell:Creating prefix util module '/home/lili/ros/Miniproject_equipo1_2_ws/install/_local_setup_util_sh.py'
[16.782s] INFO:colcon.colcon_core.shell:Creating prefix chain script '/home/lili/ros/Miniproject_equipo1_2_ws/install/setup.sh'
[16.784s] INFO:colcon.colcon_core.shell:Creating prefix script '/home/lili/ros/Miniproject_equipo1_2_ws/install/local_setup.bash'
[16.785s] INFO:colcon.colcon_core.shell:Creating prefix chain script '/home/lili/ros/Miniproject_equipo1_2_ws/install/setup.bash'
[16.787s] INFO:colcon.colcon_core.shell:Creating prefix script '/home/lili/ros/Miniproject_equipo1_2_ws/install/local_setup.zsh'
[16.788s] INFO:colcon.colcon_core.shell:Creating prefix chain script '/home/lili/ros/Miniproject_equipo1_2_ws/install/setup.zsh'
