[0.027s] Invoking command in '/home/lili/ros/Miniproject_equipo1_2_ws/build/motion': CMAKE_PREFIX_PATH=${CMAKE_PREFIX_PATH}:/opt/ros/humble /usr/bin/cmake --build /home/lili/ros/Miniproject_equipo1_2_ws/build/motion -- -j4 -l4
[0.150s] [35m[1mConsolidate compiler generated dependencies of target Controller[0m
[0.202s] [ 50%] [32mBuilding CXX object CMakeFiles/Controller.dir/src/Controller.cpp.o[0m
[13.980s] [100%] [32m[1mLinking CXX executable Controller[0m
[15.583s] [100%] Built target Controller
[15.611s] Invoked command in '/home/lili/ros/Miniproject_equipo1_2_ws/build/motion' returned '0': CMAKE_PREFIX_PATH=${CMAKE_PREFIX_PATH}:/opt/ros/humble /usr/bin/cmake --build /home/lili/ros/Miniproject_equipo1_2_ws/build/motion -- -j4 -l4
[15.642s] Invoking command in '/home/lili/ros/Miniproject_equipo1_2_ws/build/motion': CMAKE_PREFIX_PATH=${CMAKE_PREFIX_PATH}:/opt/ros/humble /usr/bin/cmake --install /home/lili/ros/Miniproject_equipo1_2_ws/build/motion
[15.658s] -- Install configuration: ""
[15.659s] -- Execute custom install script
[15.659s] -- Up-to-date symlink: /home/lili/ros/Miniproject_equipo1_2_ws/install/motion/lib/motion/Controller
[15.660s] -- Up-to-date symlink: /home/lili/ros/Miniproject_equipo1_2_ws/install/motion/share/motion//launch/launch.xml
[15.660s] -- Up-to-date symlink: /home/lili/ros/Miniproject_equipo1_2_ws/install/motion/share/ament_index/resource_index/package_run_dependencies/motion
[15.660s] -- Up-to-date symlink: /home/lili/ros/Miniproject_equipo1_2_ws/install/motion/share/ament_index/resource_index/parent_prefix_path/motion
[15.661s] -- Up-to-date symlink: /home/lili/ros/Miniproject_equipo1_2_ws/install/motion/share/motion/environment/ament_prefix_path.sh
[15.661s] -- Up-to-date symlink: /home/lili/ros/Miniproject_equipo1_2_ws/install/motion/share/motion/environment/ament_prefix_path.dsv
[15.661s] -- Up-to-date symlink: /home/lili/ros/Miniproject_equipo1_2_ws/install/motion/share/motion/environment/path.sh
[15.661s] -- Up-to-date symlink: /home/lili/ros/Miniproject_equipo1_2_ws/install/motion/share/motion/environment/path.dsv
[15.662s] -- Up-to-date symlink: /home/lili/ros/Miniproject_equipo1_2_ws/install/motion/share/motion/local_setup.bash
[15.662s] -- Up-to-date symlink: /home/lili/ros/Miniproject_equipo1_2_ws/install/motion/share/motion/local_setup.sh
[15.663s] -- Up-to-date symlink: /home/lili/ros/Miniproject_equipo1_2_ws/install/motion/share/motion/local_setup.zsh
[15.663s] -- Up-to-date symlink: /home/lili/ros/Miniproject_equipo1_2_ws/install/motion/share/motion/local_setup.dsv
[15.663s] -- Symlinking: /home/lili/ros/Miniproject_equipo1_2_ws/install/motion/share/motion/package.dsv
[15.686s] -- Up-to-date symlink: /home/lili/ros/Miniproject_equipo1_2_ws/install/motion/share/ament_index/resource_index/packages/motion
[15.687s] -- Up-to-date symlink: /home/lili/ros/Miniproject_equipo1_2_ws/install/motion/share/motion/cmake/motionConfig.cmake
[15.687s] -- Up-to-date symlink: /home/lili/ros/Miniproject_equipo1_2_ws/install/motion/share/motion/cmake/motionConfig-version.cmake
[15.687s] -- Up-to-date symlink: /home/lili/ros/Miniproject_equipo1_2_ws/install/motion/share/motion/package.xml
[15.693s] Invoked command in '/home/lili/ros/Miniproject_equipo1_2_ws/build/motion' returned '0': CMAKE_PREFIX_PATH=${CMAKE_PREFIX_PATH}:/opt/ros/humble /usr/bin/cmake --install /home/lili/ros/Miniproject_equipo1_2_ws/build/motion
