[0.127s] DEBUG:colcon:Command line arguments: ['/usr/bin/colcon', 'build', '--symlink-install']
[0.127s] DEBUG:colcon:Parsed command line arguments: Namespace(log_base=None, log_level=None, verb_name='build', build_base='build', install_base='install', merge_install=False, symlink_install=True, test_result_base=None, continue_on_error=False, executor='parallel', parallel_workers=4, event_handlers=None, ignore_user_meta=False, metas=['./colcon.meta'], base_paths=['.'], packages_ignore=None, packages_ignore_regex=None, paths=None, packages_up_to=None, packages_up_to_regex=None, packages_above=None, packages_above_and_dependencies=None, packages_above_depth=None, packages_select_by_dep=None, packages_skip_by_dep=None, packages_skip_up_to=None, packages_select_build_failed=False, packages_skip_build_finished=False, packages_select_test_failures=False, packages_skip_test_passed=False, packages_select=None, packages_skip=None, packages_select_regex=None, packages_skip_regex=None, packages_start=None, packages_end=None, allow_overriding=[], cmake_args=None, cmake_target=None, cmake_target_skip_unavailable=False, cmake_clean_cache=False, cmake_clean_first=False, cmake_force_configure=False, ament_cmake_args=None, catkin_cmake_args=None, catkin_skip_building_tests=False, mixin_files=None, mixin=None, verb_parser=<colcon_mixin.mixin.mixin_argument.MixinArgumentDecorator object at 0x79166185d960>, verb_extension=<colcon_core.verb.build.BuildVerb object at 0x79166185d390>, main=<bound method BuildVerb.main of <colcon_core.verb.build.BuildVerb object at 0x79166185d390>>, mixin_verb=('build',))
[0.449s] Level 1:colcon.colcon_core.package_discovery:discover_packages(colcon_meta) check parameters
[0.449s] Level 1:colcon.colcon_core.package_discovery:discover_packages(recursive) check parameters
[0.449s] Level 1:colcon.colcon_core.package_discovery:discover_packages(ignore) check parameters
[0.449s] Level 1:colcon.colcon_core.package_discovery:discover_packages(path) check parameters
[0.449s] Level 1:colcon.colcon_core.package_discovery:discover_packages(colcon_meta) discover
[0.449s] Level 1:colcon.colcon_core.package_discovery:discover_packages(recursive) discover
[0.450s] INFO:colcon.colcon_core.package_discovery:Crawling recursively for packages in '/home/lili/ros/Miniproject_equipo1_2_ws'
[0.450s] Level 1:colcon.colcon_core.package_identification:_identify(.) by extensions ['ignore', 'ignore_ament_install']
[0.450s] Level 1:colcon.colcon_core.package_identification:_identify(.) by extension 'ignore'
[0.450s] Level 1:colcon.colcon_core.package_identification:_identify(.) by extension 'ignore_ament_install'
[0.450s] Level 1:colcon.colcon_core.package_identification:_identify(.) by extensions ['colcon_pkg']
[0.450s] Level 1:colcon.colcon_core.package_identification:_identify(.) by extension 'colcon_pkg'
[0.451s] Level 1:colcon.colcon_core.package_identification:_identify(.) by extensions ['colcon_meta']
[0.451s] Level 1:colcon.colcon_core.package_identification:_identify(.) by extension 'colcon_meta'
[0.451s] Level 1:colcon.colcon_core.package_identification:_identify(.) by extensions ['ros']
[0.451s] Level 1:colcon.colcon_core.package_identification:_identify(.) by extension 'ros'
[0.513s] Level 1:colcon.colcon_core.package_identification:_identify(.) by extensions ['cmake', 'python']
[0.513s] Level 1:colcon.colcon_core.package_identification:_identify(.) by extension 'cmake'
[0.513s] Level 1:colcon.colcon_core.package_identification:_identify(.) by extension 'python'
[0.514s] Level 1:colcon.colcon_core.package_identification:_identify(.) by extensions ['python_setup_py']
[0.514s] Level 1:colcon.colcon_core.package_identification:_identify(.) by extension 'python_setup_py'
[0.515s] Level 1:colcon.colcon_core.package_identification:_identify(build) by extensions ['ignore', 'ignore_ament_install']
[0.515s] Level 1:colcon.colcon_core.package_identification:_identify(build) by extension 'ignore'
[0.516s] Level 1:colcon.colcon_core.package_identification:_identify(build) ignored
[0.517s] Level 1:colcon.colcon_core.package_identification:_identify(install) by extensions ['ignore', 'ignore_ament_install']
[0.518s] Level 1:colcon.colcon_core.package_identification:_identify(install) by extension 'ignore'
[0.518s] Level 1:colcon.colcon_core.package_identification:_identify(install) ignored
[0.519s] Level 1:colcon.colcon_core.package_identification:_identify(log) by extensions ['ignore', 'ignore_ament_install']
[0.520s] Level 1:colcon.colcon_core.package_identification:_identify(log) by extension 'ignore'
[0.520s] Level 1:colcon.colcon_core.package_identification:_identify(log) ignored
[0.520s] Level 1:colcon.colcon_core.package_identification:_identify(src) by extensions ['ignore', 'ignore_ament_install']
[0.520s] Level 1:colcon.colcon_core.package_identification:_identify(src) by extension 'ignore'
[0.520s] Level 1:colcon.colcon_core.package_identification:_identify(src) by extension 'ignore_ament_install'
[0.520s] Level 1:colcon.colcon_core.package_identification:_identify(src) by extensions ['colcon_pkg']
[0.521s] Level 1:colcon.colcon_core.package_identification:_identify(src) by extension 'colcon_pkg'
[0.521s] Level 1:colcon.colcon_core.package_identification:_identify(src) by extensions ['colcon_meta']
[0.521s] Level 1:colcon.colcon_core.package_identification:_identify(src) by extension 'colcon_meta'
[0.521s] Level 1:colcon.colcon_core.package_identification:_identify(src) by extensions ['ros']
[0.521s] Level 1:colcon.colcon_core.package_identification:_identify(src) by extension 'ros'
[0.521s] Level 1:colcon.colcon_core.package_identification:_identify(src) by extensions ['cmake', 'python']
[0.522s] Level 1:colcon.colcon_core.package_identification:_identify(src) by extension 'cmake'
[0.522s] Level 1:colcon.colcon_core.package_identification:_identify(src) by extension 'python'
[0.523s] Level 1:colcon.colcon_core.package_identification:_identify(src) by extensions ['python_setup_py']
[0.523s] Level 1:colcon.colcon_core.package_identification:_identify(src) by extension 'python_setup_py'
[0.524s] Level 1:colcon.colcon_core.package_identification:_identify(src/motion) by extensions ['ignore', 'ignore_ament_install']
[0.524s] Level 1:colcon.colcon_core.package_identification:_identify(src/motion) by extension 'ignore'
[0.524s] Level 1:colcon.colcon_core.package_identification:_identify(src/motion) by extension 'ignore_ament_install'
[0.524s] Level 1:colcon.colcon_core.package_identification:_identify(src/motion) by extensions ['colcon_pkg']
[0.524s] Level 1:colcon.colcon_core.package_identification:_identify(src/motion) by extension 'colcon_pkg'
[0.525s] Level 1:colcon.colcon_core.package_identification:_identify(src/motion) by extensions ['colcon_meta']
[0.525s] Level 1:colcon.colcon_core.package_identification:_identify(src/motion) by extension 'colcon_meta'
[0.525s] Level 1:colcon.colcon_core.package_identification:_identify(src/motion) by extensions ['ros']
[0.525s] Level 1:colcon.colcon_core.package_identification:_identify(src/motion) by extension 'ros'
[0.538s] DEBUG:colcon.colcon_core.package_identification:Package 'src/motion' with type 'ros.ament_cmake' and name 'motion'
[0.538s] Level 1:colcon.colcon_core.package_discovery:discover_packages(recursive) using defaults
[0.538s] Level 1:colcon.colcon_core.package_discovery:discover_packages(ignore) discover
[0.539s] Level 1:colcon.colcon_core.package_discovery:discover_packages(ignore) using defaults
[0.539s] Level 1:colcon.colcon_core.package_discovery:discover_packages(path) discover
[0.539s] Level 1:colcon.colcon_core.package_discovery:discover_packages(path) using defaults
[0.658s] Level 1:colcon.colcon_core.package_discovery:discover_packages(prefix_path) check parameters
[0.658s] Level 1:colcon.colcon_core.package_discovery:discover_packages(prefix_path) discover
[0.665s] DEBUG:colcon.colcon_installed_package_information.package_discovery:Found 1 installed packages in /home/lili/ros/Miniproject_equipo1_2_ws/install
[0.670s] DEBUG:colcon.colcon_installed_package_information.package_discovery:Found 297 installed packages in /opt/ros/humble
[0.676s] Level 1:colcon.colcon_core.package_discovery:discover_packages(prefix_path) using defaults
[0.847s] Level 5:colcon.colcon_core.verb:set package 'motion' build argument 'cmake_args' from command line to 'None'
[0.847s] Level 5:colcon.colcon_core.verb:set package 'motion' build argument 'cmake_target' from command line to 'None'
[0.847s] Level 5:colcon.colcon_core.verb:set package 'motion' build argument 'cmake_target_skip_unavailable' from command line to 'False'
[0.847s] Level 5:colcon.colcon_core.verb:set package 'motion' build argument 'cmake_clean_cache' from command line to 'False'
[0.847s] Level 5:colcon.colcon_core.verb:set package 'motion' build argument 'cmake_clean_first' from command line to 'False'
[0.847s] Level 5:colcon.colcon_core.verb:set package 'motion' build argument 'cmake_force_configure' from command line to 'False'
[0.847s] Level 5:colcon.colcon_core.verb:set package 'motion' build argument 'ament_cmake_args' from command line to 'None'
[0.847s] Level 5:colcon.colcon_core.verb:set package 'motion' build argument 'catkin_cmake_args' from command line to 'None'
[0.847s] Level 5:colcon.colcon_core.verb:set package 'motion' build argument 'catkin_skip_building_tests' from command line to 'False'
[0.847s] DEBUG:colcon.colcon_core.verb:Building package 'motion' with the following arguments: {'ament_cmake_args': None, 'build_base': '/home/lili/ros/Miniproject_equipo1_2_ws/build/motion', 'catkin_cmake_args': None, 'catkin_skip_building_tests': False, 'cmake_args': None, 'cmake_clean_cache': False, 'cmake_clean_first': False, 'cmake_force_configure': False, 'cmake_target': None, 'cmake_target_skip_unavailable': False, 'install_base': '/home/lili/ros/Miniproject_equipo1_2_ws/install/motion', 'merge_install': False, 'path': '/home/lili/ros/Miniproject_equipo1_2_ws/src/motion', 'symlink_install': True, 'test_result_base': None}
[0.847s] INFO:colcon.colcon_core.executor:Executing jobs using 'parallel' executor
[0.849s] DEBUG:colcon.colcon_parallel_executor.executor.parallel:run_until_complete
[0.850s] INFO:colcon.colcon_ros.task.ament_cmake.build:Building ROS package in '/home/lili/ros/Miniproject_equipo1_2_ws/src/motion' with build type 'ament_cmake'
[0.850s] INFO:colcon.colcon_cmake.task.cmake.build:Building CMake package in '/home/lili/ros/Miniproject_equipo1_2_ws/src/motion'
[0.853s] INFO:colcon.colcon_core.plugin_system:Skipping extension 'colcon_core.shell.bat': Not used on non-Windows systems
[0.854s] INFO:colcon.colcon_core.shell:Skip shell extension 'powershell' for command environment: Not usable outside of PowerShell
[0.854s] DEBUG:colcon.colcon_core.shell:Skip shell extension 'dsv' for command environment
[0.896s] DEBUG:colcon.colcon_core.event_handler.log_command:Invoking command in '/home/lili/ros/Miniproject_equipo1_2_ws/build/motion': CMAKE_PREFIX_PATH=${CMAKE_PREFIX_PATH}:/opt/ros/humble /usr/bin/cmake --build /home/lili/ros/Miniproject_equipo1_2_ws/build/motion -- -j4 -l4
[17.907s] DEBUG:colcon.colcon_core.event_handler.log_command:Invoked command in '/home/lili/ros/Miniproject_equipo1_2_ws/build/motion' returned '0': CMAKE_PREFIX_PATH=${CMAKE_PREFIX_PATH}:/opt/ros/humble /usr/bin/cmake --build /home/lili/ros/Miniproject_equipo1_2_ws/build/motion -- -j4 -l4
[17.935s] DEBUG:colcon.colcon_core.event_handler.log_command:Invoking command in '/home/lili/ros/Miniproject_equipo1_2_ws/build/motion': CMAKE_PREFIX_PATH=${CMAKE_PREFIX_PATH}:/opt/ros/humble /usr/bin/cmake --install /home/lili/ros/Miniproject_equipo1_2_ws/build/motion
[18.003s] Level 1:colcon.colcon_core.environment:create_environment_scripts_only(motion)
[18.006s] DEBUG:colcon.colcon_core.event_handler.log_command:Invoked command in '/home/lili/ros/Miniproject_equipo1_2_ws/build/motion' returned '0': CMAKE_PREFIX_PATH=${CMAKE_PREFIX_PATH}:/opt/ros/humble /usr/bin/cmake --install /home/lili/ros/Miniproject_equipo1_2_ws/build/motion
[18.016s] Level 1:colcon.colcon_core.environment:checking '/home/lili/ros/Miniproject_equipo1_2_ws/install/motion' for CMake module files
[18.018s] Level 1:colcon.colcon_core.environment:checking '/home/lili/ros/Miniproject_equipo1_2_ws/install/motion' for CMake config files
[18.020s] Level 1:colcon.colcon_core.shell:create_environment_hook('motion', 'cmake_prefix_path')
[18.021s] INFO:colcon.colcon_core.shell:Creating environment hook '/home/lili/ros/Miniproject_equipo1_2_ws/install/motion/share/motion/hook/cmake_prefix_path.ps1'
[18.022s] INFO:colcon.colcon_core.shell:Creating environment descriptor '/home/lili/ros/Miniproject_equipo1_2_ws/install/motion/share/motion/hook/cmake_prefix_path.dsv'
[18.023s] INFO:colcon.colcon_core.shell:Creating environment hook '/home/lili/ros/Miniproject_equipo1_2_ws/install/motion/share/motion/hook/cmake_prefix_path.sh'
[18.024s] Level 1:colcon.colcon_core.environment:checking '/home/lili/ros/Miniproject_equipo1_2_ws/install/motion/lib'
[18.025s] Level 1:colcon.colcon_core.environment:checking '/home/lili/ros/Miniproject_equipo1_2_ws/install/motion/bin'
[18.025s] Level 1:colcon.colcon_core.environment:checking '/home/lili/ros/Miniproject_equipo1_2_ws/install/motion/lib/pkgconfig/motion.pc'
[18.025s] Level 1:colcon.colcon_core.environment:checking '/home/lili/ros/Miniproject_equipo1_2_ws/install/motion/lib/python3.10/site-packages'
[18.025s] Level 1:colcon.colcon_core.environment:checking '/home/lili/ros/Miniproject_equipo1_2_ws/install/motion/bin'
[18.026s] INFO:colcon.colcon_core.shell:Creating package script '/home/lili/ros/Miniproject_equipo1_2_ws/install/motion/share/motion/package.ps1'
[18.030s] INFO:colcon.colcon_core.shell:Creating package descriptor '/home/lili/ros/Miniproject_equipo1_2_ws/install/motion/share/motion/package.dsv'
[18.035s] INFO:colcon.colcon_core.shell:Creating package script '/home/lili/ros/Miniproject_equipo1_2_ws/install/motion/share/motion/package.sh'
[18.040s] INFO:colcon.colcon_core.shell:Creating package script '/home/lili/ros/Miniproject_equipo1_2_ws/install/motion/share/motion/package.bash'
[18.042s] INFO:colcon.colcon_core.shell:Creating package script '/home/lili/ros/Miniproject_equipo1_2_ws/install/motion/share/motion/package.zsh'
[18.043s] Level 1:colcon.colcon_core.environment:create_file_with_runtime_dependencies(/home/lili/ros/Miniproject_equipo1_2_ws/install/motion/share/colcon-core/packages/motion)
[18.044s] Level 1:colcon.colcon_core.environment:create_environment_scripts_only(motion)
[18.045s] Level 1:colcon.colcon_core.environment:checking '/home/lili/ros/Miniproject_equipo1_2_ws/install/motion' for CMake module files
[18.046s] Level 1:colcon.colcon_core.environment:checking '/home/lili/ros/Miniproject_equipo1_2_ws/install/motion' for CMake config files
[18.049s] Level 1:colcon.colcon_core.shell:create_environment_hook('motion', 'cmake_prefix_path')
[18.052s] INFO:colcon.colcon_core.shell:Creating environment hook '/home/lili/ros/Miniproject_equipo1_2_ws/install/motion/share/motion/hook/cmake_prefix_path.ps1'
[18.054s] INFO:colcon.colcon_core.shell:Creating environment descriptor '/home/lili/ros/Miniproject_equipo1_2_ws/install/motion/share/motion/hook/cmake_prefix_path.dsv'
[18.056s] INFO:colcon.colcon_core.shell:Creating environment hook '/home/lili/ros/Miniproject_equipo1_2_ws/install/motion/share/motion/hook/cmake_prefix_path.sh'
[18.058s] Level 1:colcon.colcon_core.environment:checking '/home/lili/ros/Miniproject_equipo1_2_ws/install/motion/lib'
[18.058s] Level 1:colcon.colcon_core.environment:checking '/home/lili/ros/Miniproject_equipo1_2_ws/install/motion/bin'
[18.058s] Level 1:colcon.colcon_core.environment:checking '/home/lili/ros/Miniproject_equipo1_2_ws/install/motion/lib/pkgconfig/motion.pc'
[18.059s] Level 1:colcon.colcon_core.environment:checking '/home/lili/ros/Miniproject_equipo1_2_ws/install/motion/lib/python3.10/site-packages'
[18.059s] Level 1:colcon.colcon_core.environment:checking '/home/lili/ros/Miniproject_equipo1_2_ws/install/motion/bin'
[18.060s] INFO:colcon.colcon_core.shell:Creating package script '/home/lili/ros/Miniproject_equipo1_2_ws/install/motion/share/motion/package.ps1'
[18.065s] INFO:colcon.colcon_core.shell:Creating package descriptor '/home/lili/ros/Miniproject_equipo1_2_ws/install/motion/share/motion/package.dsv'
[18.067s] INFO:colcon.colcon_core.shell:Creating package script '/home/lili/ros/Miniproject_equipo1_2_ws/install/motion/share/motion/package.sh'
[18.068s] INFO:colcon.colcon_core.shell:Creating package script '/home/lili/ros/Miniproject_equipo1_2_ws/install/motion/share/motion/package.bash'
[18.070s] INFO:colcon.colcon_core.shell:Creating package script '/home/lili/ros/Miniproject_equipo1_2_ws/install/motion/share/motion/package.zsh'
[18.072s] Level 1:colcon.colcon_core.environment:create_file_with_runtime_dependencies(/home/lili/ros/Miniproject_equipo1_2_ws/install/motion/share/colcon-core/packages/motion)
[18.073s] DEBUG:colcon.colcon_parallel_executor.executor.parallel:closing loop
[18.074s] DEBUG:colcon.colcon_parallel_executor.executor.parallel:loop closed
[18.074s] DEBUG:colcon.colcon_parallel_executor.executor.parallel:run_until_complete finished with '0'
[18.074s] DEBUG:colcon.colcon_core.event_reactor:joining thread
[18.093s] INFO:colcon.colcon_core.plugin_system:Skipping extension 'colcon_notification.desktop_notification.terminal_notifier': Not used on non-Darwin systems
[18.094s] INFO:colcon.colcon_core.plugin_system:Skipping extension 'colcon_notification.desktop_notification.win32': Not used on non-Windows systems
[18.094s] INFO:colcon.colcon_notification.desktop_notification:Sending desktop notification using 'notify2'
[18.138s] DEBUG:colcon.colcon_core.event_reactor:joined thread
[18.139s] INFO:colcon.colcon_core.shell:Creating prefix script '/home/lili/ros/Miniproject_equipo1_2_ws/install/local_setup.ps1'
[18.140s] INFO:colcon.colcon_core.shell:Creating prefix util module '/home/lili/ros/Miniproject_equipo1_2_ws/install/_local_setup_util_ps1.py'
[18.142s] INFO:colcon.colcon_core.shell:Creating prefix chain script '/home/lili/ros/Miniproject_equipo1_2_ws/install/setup.ps1'
[18.144s] INFO:colcon.colcon_core.shell:Creating prefix script '/home/lili/ros/Miniproject_equipo1_2_ws/install/local_setup.sh'
[18.146s] INFO:colcon.colcon_core.shell:Creating prefix util module '/home/lili/ros/Miniproject_equipo1_2_ws/install/_local_setup_util_sh.py'
[18.147s] INFO:colcon.colcon_core.shell:Creating prefix chain script '/home/lili/ros/Miniproject_equipo1_2_ws/install/setup.sh'
[18.149s] INFO:colcon.colcon_core.shell:Creating prefix script '/home/lili/ros/Miniproject_equipo1_2_ws/install/local_setup.bash'
[18.150s] INFO:colcon.colcon_core.shell:Creating prefix chain script '/home/lili/ros/Miniproject_equipo1_2_ws/install/setup.bash'
[18.157s] INFO:colcon.colcon_core.shell:Creating prefix script '/home/lili/ros/Miniproject_equipo1_2_ws/install/local_setup.zsh'
[18.162s] INFO:colcon.colcon_core.shell:Creating prefix chain script '/home/lili/ros/Miniproject_equipo1_2_ws/install/setup.zsh'
