[0.135s] DEBUG:colcon:Command line arguments: ['/usr/bin/colcon', 'build', '--symlink-install']
[0.135s] DEBUG:colcon:Parsed command line arguments: Namespace(log_base=None, log_level=None, verb_name='build', build_base='build', install_base='install', merge_install=False, symlink_install=True, test_result_base=None, continue_on_error=False, executor='parallel', parallel_workers=4, event_handlers=None, ignore_user_meta=False, metas=['./colcon.meta'], base_paths=['.'], packages_ignore=None, packages_ignore_regex=None, paths=None, packages_up_to=None, packages_up_to_regex=None, packages_above=None, packages_above_and_dependencies=None, packages_above_depth=None, packages_select_by_dep=None, packages_skip_by_dep=None, packages_skip_up_to=None, packages_select_build_failed=False, packages_skip_build_finished=False, packages_select_test_failures=False, packages_skip_test_passed=False, packages_select=None, packages_skip=None, packages_select_regex=None, packages_skip_regex=None, packages_start=None, packages_end=None, allow_overriding=[], cmake_args=None, cmake_target=None, cmake_target_skip_unavailable=False, cmake_clean_cache=False, cmake_clean_first=False, cmake_force_configure=False, ament_cmake_args=None, catkin_cmake_args=None, catkin_skip_building_tests=False, mixin_files=None, mixin=None, verb_parser=<colcon_mixin.mixin.mixin_argument.MixinArgumentDecorator object at 0x799117c5d960>, verb_extension=<colcon_core.verb.build.BuildVerb object at 0x799117c5d390>, main=<bound method BuildVerb.main of <colcon_core.verb.build.BuildVerb object at 0x799117c5d390>>, mixin_verb=('build',))
[0.505s] Level 1:colcon.colcon_core.package_discovery:discover_packages(colcon_meta) check parameters
[0.506s] Level 1:colcon.colcon_core.package_discovery:discover_packages(recursive) check parameters
[0.507s] Level 1:colcon.colcon_core.package_discovery:discover_packages(ignore) check parameters
[0.507s] Level 1:colcon.colcon_core.package_discovery:discover_packages(path) check parameters
[0.507s] Level 1:colcon.colcon_core.package_discovery:discover_packages(colcon_meta) discover
[0.507s] Level 1:colcon.colcon_core.package_discovery:discover_packages(recursive) discover
[0.507s] INFO:colcon.colcon_core.package_discovery:Crawling recursively for packages in '/home/lili/ros/Miniproject_equipo1_2_ws'
[0.508s] Level 1:colcon.colcon_core.package_identification:_identify(.) by extensions ['ignore', 'ignore_ament_install']
[0.508s] Level 1:colcon.colcon_core.package_identification:_identify(.) by extension 'ignore'
[0.508s] Level 1:colcon.colcon_core.package_identification:_identify(.) by extension 'ignore_ament_install'
[0.508s] Level 1:colcon.colcon_core.package_identification:_identify(.) by extensions ['colcon_pkg']
[0.509s] Level 1:colcon.colcon_core.package_identification:_identify(.) by extension 'colcon_pkg'
[0.509s] Level 1:colcon.colcon_core.package_identification:_identify(.) by extensions ['colcon_meta']
[0.509s] Level 1:colcon.colcon_core.package_identification:_identify(.) by extension 'colcon_meta'
[0.509s] Level 1:colcon.colcon_core.package_identification:_identify(.) by extensions ['ros']
[0.509s] Level 1:colcon.colcon_core.package_identification:_identify(.) by extension 'ros'
[0.548s] Level 1:colcon.colcon_core.package_identification:_identify(.) by extensions ['cmake', 'python']
[0.548s] Level 1:colcon.colcon_core.package_identification:_identify(.) by extension 'cmake'
[0.549s] Level 1:colcon.colcon_core.package_identification:_identify(.) by extension 'python'
[0.549s] Level 1:colcon.colcon_core.package_identification:_identify(.) by extensions ['python_setup_py']
[0.549s] Level 1:colcon.colcon_core.package_identification:_identify(.) by extension 'python_setup_py'
[0.549s] Level 1:colcon.colcon_core.package_identification:_identify(build) by extensions ['ignore', 'ignore_ament_install']
[0.550s] Level 1:colcon.colcon_core.package_identification:_identify(build) by extension 'ignore'
[0.550s] Level 1:colcon.colcon_core.package_identification:_identify(build) ignored
[0.550s] Level 1:colcon.colcon_core.package_identification:_identify(install) by extensions ['ignore', 'ignore_ament_install']
[0.551s] Level 1:colcon.colcon_core.package_identification:_identify(install) by extension 'ignore'
[0.551s] Level 1:colcon.colcon_core.package_identification:_identify(install) ignored
[0.551s] Level 1:colcon.colcon_core.package_identification:_identify(log) by extensions ['ignore', 'ignore_ament_install']
[0.552s] Level 1:colcon.colcon_core.package_identification:_identify(log) by extension 'ignore'
[0.552s] Level 1:colcon.colcon_core.package_identification:_identify(log) ignored
[0.552s] Level 1:colcon.colcon_core.package_identification:_identify(src) by extensions ['ignore', 'ignore_ament_install']
[0.553s] Level 1:colcon.colcon_core.package_identification:_identify(src) by extension 'ignore'
[0.553s] Level 1:colcon.colcon_core.package_identification:_identify(src) by extension 'ignore_ament_install'
[0.554s] Level 1:colcon.colcon_core.package_identification:_identify(src) by extensions ['colcon_pkg']
[0.554s] Level 1:colcon.colcon_core.package_identification:_identify(src) by extension 'colcon_pkg'
[0.554s] Level 1:colcon.colcon_core.package_identification:_identify(src) by extensions ['colcon_meta']
[0.555s] Level 1:colcon.colcon_core.package_identification:_identify(src) by extension 'colcon_meta'
[0.555s] Level 1:colcon.colcon_core.package_identification:_identify(src) by extensions ['ros']
[0.555s] Level 1:colcon.colcon_core.package_identification:_identify(src) by extension 'ros'
[0.556s] Level 1:colcon.colcon_core.package_identification:_identify(src) by extensions ['cmake', 'python']
[0.556s] Level 1:colcon.colcon_core.package_identification:_identify(src) by extension 'cmake'
[0.556s] Level 1:colcon.colcon_core.package_identification:_identify(src) by extension 'python'
[0.556s] Level 1:colcon.colcon_core.package_identification:_identify(src) by extensions ['python_setup_py']
[0.557s] Level 1:colcon.colcon_core.package_identification:_identify(src) by extension 'python_setup_py'
[0.557s] Level 1:colcon.colcon_core.package_identification:_identify(src/motion) by extensions ['ignore', 'ignore_ament_install']
[0.558s] Level 1:colcon.colcon_core.package_identification:_identify(src/motion) by extension 'ignore'
[0.558s] Level 1:colcon.colcon_core.package_identification:_identify(src/motion) by extension 'ignore_ament_install'
[0.558s] Level 1:colcon.colcon_core.package_identification:_identify(src/motion) by extensions ['colcon_pkg']
[0.558s] Level 1:colcon.colcon_core.package_identification:_identify(src/motion) by extension 'colcon_pkg'
[0.558s] Level 1:colcon.colcon_core.package_identification:_identify(src/motion) by extensions ['colcon_meta']
[0.558s] Level 1:colcon.colcon_core.package_identification:_identify(src/motion) by extension 'colcon_meta'
[0.558s] Level 1:colcon.colcon_core.package_identification:_identify(src/motion) by extensions ['ros']
[0.558s] Level 1:colcon.colcon_core.package_identification:_identify(src/motion) by extension 'ros'
[0.565s] DEBUG:colcon.colcon_core.package_identification:Package 'src/motion' with type 'ros.ament_cmake' and name 'motion'
[0.565s] Level 1:colcon.colcon_core.package_discovery:discover_packages(recursive) using defaults
[0.565s] Level 1:colcon.colcon_core.package_discovery:discover_packages(ignore) discover
[0.565s] Level 1:colcon.colcon_core.package_discovery:discover_packages(ignore) using defaults
[0.565s] Level 1:colcon.colcon_core.package_discovery:discover_packages(path) discover
[0.565s] Level 1:colcon.colcon_core.package_discovery:discover_packages(path) using defaults
[0.689s] Level 1:colcon.colcon_core.package_discovery:discover_packages(prefix_path) check parameters
[0.689s] Level 1:colcon.colcon_core.package_discovery:discover_packages(prefix_path) discover
[0.691s] DEBUG:colcon.colcon_installed_package_information.package_discovery:Found 1 installed packages in /home/lili/ros/Miniproject_equipo1_2_ws/install
[0.695s] DEBUG:colcon.colcon_installed_package_information.package_discovery:Found 297 installed packages in /opt/ros/humble
[0.701s] Level 1:colcon.colcon_core.package_discovery:discover_packages(prefix_path) using defaults
[0.859s] Level 5:colcon.colcon_core.verb:set package 'motion' build argument 'cmake_args' from command line to 'None'
[0.859s] Level 5:colcon.colcon_core.verb:set package 'motion' build argument 'cmake_target' from command line to 'None'
[0.859s] Level 5:colcon.colcon_core.verb:set package 'motion' build argument 'cmake_target_skip_unavailable' from command line to 'False'
[0.859s] Level 5:colcon.colcon_core.verb:set package 'motion' build argument 'cmake_clean_cache' from command line to 'False'
[0.860s] Level 5:colcon.colcon_core.verb:set package 'motion' build argument 'cmake_clean_first' from command line to 'False'
[0.860s] Level 5:colcon.colcon_core.verb:set package 'motion' build argument 'cmake_force_configure' from command line to 'False'
[0.861s] Level 5:colcon.colcon_core.verb:set package 'motion' build argument 'ament_cmake_args' from command line to 'None'
[0.861s] Level 5:colcon.colcon_core.verb:set package 'motion' build argument 'catkin_cmake_args' from command line to 'None'
[0.861s] Level 5:colcon.colcon_core.verb:set package 'motion' build argument 'catkin_skip_building_tests' from command line to 'False'
[0.862s] DEBUG:colcon.colcon_core.verb:Building package 'motion' with the following arguments: {'ament_cmake_args': None, 'build_base': '/home/lili/ros/Miniproject_equipo1_2_ws/build/motion', 'catkin_cmake_args': None, 'catkin_skip_building_tests': False, 'cmake_args': None, 'cmake_clean_cache': False, 'cmake_clean_first': False, 'cmake_force_configure': False, 'cmake_target': None, 'cmake_target_skip_unavailable': False, 'install_base': '/home/lili/ros/Miniproject_equipo1_2_ws/install/motion', 'merge_install': False, 'path': '/home/lili/ros/Miniproject_equipo1_2_ws/src/motion', 'symlink_install': True, 'test_result_base': None}
[0.862s] INFO:colcon.colcon_core.executor:Executing jobs using 'parallel' executor
[0.872s] DEBUG:colcon.colcon_parallel_executor.executor.parallel:run_until_complete
[0.873s] INFO:colcon.colcon_ros.task.ament_cmake.build:Building ROS package in '/home/lili/ros/Miniproject_equipo1_2_ws/src/motion' with build type 'ament_cmake'
[0.873s] INFO:colcon.colcon_cmake.task.cmake.build:Building CMake package in '/home/lili/ros/Miniproject_equipo1_2_ws/src/motion'
[0.882s] INFO:colcon.colcon_core.plugin_system:Skipping extension 'colcon_core.shell.bat': Not used on non-Windows systems
[0.884s] INFO:colcon.colcon_core.shell:Skip shell extension 'powershell' for command environment: Not usable outside of PowerShell
[0.885s] DEBUG:colcon.colcon_core.shell:Skip shell extension 'dsv' for command environment
[0.916s] DEBUG:colcon.colcon_core.event_handler.log_command:Invoking command in '/home/lili/ros/Miniproject_equipo1_2_ws/build/motion': CMAKE_PREFIX_PATH=${CMAKE_PREFIX_PATH}:/opt/ros/humble /usr/bin/cmake --build /home/lili/ros/Miniproject_equipo1_2_ws/build/motion -- -j4 -l4
[16.142s] DEBUG:colcon.colcon_core.event_handler.log_command:Invoked command in '/home/lili/ros/Miniproject_equipo1_2_ws/build/motion' returned '0': CMAKE_PREFIX_PATH=${CMAKE_PREFIX_PATH}:/opt/ros/humble /usr/bin/cmake --build /home/lili/ros/Miniproject_equipo1_2_ws/build/motion -- -j4 -l4
[16.167s] DEBUG:colcon.colcon_core.event_handler.log_command:Invoking command in '/home/lili/ros/Miniproject_equipo1_2_ws/build/motion': CMAKE_PREFIX_PATH=${CMAKE_PREFIX_PATH}:/opt/ros/humble /usr/bin/cmake --install /home/lili/ros/Miniproject_equipo1_2_ws/build/motion
[16.216s] Level 1:colcon.colcon_core.environment:create_environment_scripts_only(motion)
[16.218s] DEBUG:colcon.colcon_core.event_handler.log_command:Invoked command in '/home/lili/ros/Miniproject_equipo1_2_ws/build/motion' returned '0': CMAKE_PREFIX_PATH=${CMAKE_PREFIX_PATH}:/opt/ros/humble /usr/bin/cmake --install /home/lili/ros/Miniproject_equipo1_2_ws/build/motion
[16.224s] Level 1:colcon.colcon_core.environment:checking '/home/lili/ros/Miniproject_equipo1_2_ws/install/motion' for CMake module files
[16.226s] Level 1:colcon.colcon_core.environment:checking '/home/lili/ros/Miniproject_equipo1_2_ws/install/motion' for CMake config files
[16.227s] Level 1:colcon.colcon_core.shell:create_environment_hook('motion', 'cmake_prefix_path')
[16.228s] INFO:colcon.colcon_core.shell:Creating environment hook '/home/lili/ros/Miniproject_equipo1_2_ws/install/motion/share/motion/hook/cmake_prefix_path.ps1'
[16.231s] INFO:colcon.colcon_core.shell:Creating environment descriptor '/home/lili/ros/Miniproject_equipo1_2_ws/install/motion/share/motion/hook/cmake_prefix_path.dsv'
[16.233s] INFO:colcon.colcon_core.shell:Creating environment hook '/home/lili/ros/Miniproject_equipo1_2_ws/install/motion/share/motion/hook/cmake_prefix_path.sh'
[16.236s] Level 1:colcon.colcon_core.environment:checking '/home/lili/ros/Miniproject_equipo1_2_ws/install/motion/lib'
[16.236s] Level 1:colcon.colcon_core.environment:checking '/home/lili/ros/Miniproject_equipo1_2_ws/install/motion/bin'
[16.237s] Level 1:colcon.colcon_core.environment:checking '/home/lili/ros/Miniproject_equipo1_2_ws/install/motion/lib/pkgconfig/motion.pc'
[16.237s] Level 1:colcon.colcon_core.environment:checking '/home/lili/ros/Miniproject_equipo1_2_ws/install/motion/lib/python3.10/site-packages'
[16.238s] Level 1:colcon.colcon_core.environment:checking '/home/lili/ros/Miniproject_equipo1_2_ws/install/motion/bin'
[16.238s] INFO:colcon.colcon_core.shell:Creating package script '/home/lili/ros/Miniproject_equipo1_2_ws/install/motion/share/motion/package.ps1'
[16.241s] INFO:colcon.colcon_core.shell:Creating package descriptor '/home/lili/ros/Miniproject_equipo1_2_ws/install/motion/share/motion/package.dsv'
[16.242s] INFO:colcon.colcon_core.shell:Creating package script '/home/lili/ros/Miniproject_equipo1_2_ws/install/motion/share/motion/package.sh'
[16.244s] INFO:colcon.colcon_core.shell:Creating package script '/home/lili/ros/Miniproject_equipo1_2_ws/install/motion/share/motion/package.bash'
[16.246s] INFO:colcon.colcon_core.shell:Creating package script '/home/lili/ros/Miniproject_equipo1_2_ws/install/motion/share/motion/package.zsh'
[16.248s] Level 1:colcon.colcon_core.environment:create_file_with_runtime_dependencies(/home/lili/ros/Miniproject_equipo1_2_ws/install/motion/share/colcon-core/packages/motion)
[16.248s] Level 1:colcon.colcon_core.environment:create_environment_scripts_only(motion)
[16.249s] Level 1:colcon.colcon_core.environment:checking '/home/lili/ros/Miniproject_equipo1_2_ws/install/motion' for CMake module files
[16.249s] Level 1:colcon.colcon_core.environment:checking '/home/lili/ros/Miniproject_equipo1_2_ws/install/motion' for CMake config files
[16.250s] Level 1:colcon.colcon_core.shell:create_environment_hook('motion', 'cmake_prefix_path')
[16.250s] INFO:colcon.colcon_core.shell:Creating environment hook '/home/lili/ros/Miniproject_equipo1_2_ws/install/motion/share/motion/hook/cmake_prefix_path.ps1'
[16.251s] INFO:colcon.colcon_core.shell:Creating environment descriptor '/home/lili/ros/Miniproject_equipo1_2_ws/install/motion/share/motion/hook/cmake_prefix_path.dsv'
[16.253s] INFO:colcon.colcon_core.shell:Creating environment hook '/home/lili/ros/Miniproject_equipo1_2_ws/install/motion/share/motion/hook/cmake_prefix_path.sh'
[16.254s] Level 1:colcon.colcon_core.environment:checking '/home/lili/ros/Miniproject_equipo1_2_ws/install/motion/lib'
[16.255s] Level 1:colcon.colcon_core.environment:checking '/home/lili/ros/Miniproject_equipo1_2_ws/install/motion/bin'
[16.255s] Level 1:colcon.colcon_core.environment:checking '/home/lili/ros/Miniproject_equipo1_2_ws/install/motion/lib/pkgconfig/motion.pc'
[16.255s] Level 1:colcon.colcon_core.environment:checking '/home/lili/ros/Miniproject_equipo1_2_ws/install/motion/lib/python3.10/site-packages'
[16.256s] Level 1:colcon.colcon_core.environment:checking '/home/lili/ros/Miniproject_equipo1_2_ws/install/motion/bin'
[16.256s] INFO:colcon.colcon_core.shell:Creating package script '/home/lili/ros/Miniproject_equipo1_2_ws/install/motion/share/motion/package.ps1'
[16.258s] INFO:colcon.colcon_core.shell:Creating package descriptor '/home/lili/ros/Miniproject_equipo1_2_ws/install/motion/share/motion/package.dsv'
[16.260s] INFO:colcon.colcon_core.shell:Creating package script '/home/lili/ros/Miniproject_equipo1_2_ws/install/motion/share/motion/package.sh'
[16.261s] INFO:colcon.colcon_core.shell:Creating package script '/home/lili/ros/Miniproject_equipo1_2_ws/install/motion/share/motion/package.bash'
[16.263s] INFO:colcon.colcon_core.shell:Creating package script '/home/lili/ros/Miniproject_equipo1_2_ws/install/motion/share/motion/package.zsh'
[16.265s] Level 1:colcon.colcon_core.environment:create_file_with_runtime_dependencies(/home/lili/ros/Miniproject_equipo1_2_ws/install/motion/share/colcon-core/packages/motion)
[16.265s] DEBUG:colcon.colcon_parallel_executor.executor.parallel:closing loop
[16.266s] DEBUG:colcon.colcon_parallel_executor.executor.parallel:loop closed
[16.266s] DEBUG:colcon.colcon_parallel_executor.executor.parallel:run_until_complete finished with '0'
[16.266s] DEBUG:colcon.colcon_core.event_reactor:joining thread
[16.284s] INFO:colcon.colcon_core.plugin_system:Skipping extension 'colcon_notification.desktop_notification.terminal_notifier': Not used on non-Darwin systems
[16.284s] INFO:colcon.colcon_core.plugin_system:Skipping extension 'colcon_notification.desktop_notification.win32': Not used on non-Windows systems
[16.285s] INFO:colcon.colcon_notification.desktop_notification:Sending desktop notification using 'notify2'
[16.324s] DEBUG:colcon.colcon_core.event_reactor:joined thread
[16.324s] INFO:colcon.colcon_core.shell:Creating prefix script '/home/lili/ros/Miniproject_equipo1_2_ws/install/local_setup.ps1'
[16.326s] INFO:colcon.colcon_core.shell:Creating prefix util module '/home/lili/ros/Miniproject_equipo1_2_ws/install/_local_setup_util_ps1.py'
[16.329s] INFO:colcon.colcon_core.shell:Creating prefix chain script '/home/lili/ros/Miniproject_equipo1_2_ws/install/setup.ps1'
[16.332s] INFO:colcon.colcon_core.shell:Creating prefix script '/home/lili/ros/Miniproject_equipo1_2_ws/install/local_setup.sh'
[16.333s] INFO:colcon.colcon_core.shell:Creating prefix util module '/home/lili/ros/Miniproject_equipo1_2_ws/install/_local_setup_util_sh.py'
[16.334s] INFO:colcon.colcon_core.shell:Creating prefix chain script '/home/lili/ros/Miniproject_equipo1_2_ws/install/setup.sh'
[16.338s] INFO:colcon.colcon_core.shell:Creating prefix script '/home/lili/ros/Miniproject_equipo1_2_ws/install/local_setup.bash'
[16.340s] INFO:colcon.colcon_core.shell:Creating prefix chain script '/home/lili/ros/Miniproject_equipo1_2_ws/install/setup.bash'
[16.346s] INFO:colcon.colcon_core.shell:Creating prefix script '/home/lili/ros/Miniproject_equipo1_2_ws/install/local_setup.zsh'
[16.348s] INFO:colcon.colcon_core.shell:Creating prefix chain script '/home/lili/ros/Miniproject_equipo1_2_ws/install/setup.zsh'
