[35m[1mConsolidate compiler generated dependencies of target Controller[0m
[ 50%] [32mBuilding CXX object CMakeFiles/Controller.dir/src/Controller.cpp.o[0m
In file included from [01m[K/home/lili/ros/Miniproject_equipo1_2_ws/src/motion/src/Controller.cpp:2[m[K:
[01m[K/home/lili/ros/Miniproject_equipo1_2_ws/src/motion/include/motion/Controller.hpp:31:49:[m[K [01;31m[Kerror: [m[Kexpected ‘[01m[K,[m[K’ or ‘[01m[K...[m[K’ before ‘[01m[Kstd[m[K’
   31 |                                                 [01;31m[Kstd[m[K::string direction);
      |                                                 [01;31m[K^~~[m[K
[01m[K/home/lili/ros/Miniproject_equipo1_2_ws/src/motion/include/motion/Controller.hpp:30:8:[m[K [01;31m[Kerror: [m[Kextra qualification ‘[01m[KController::[m[K’ on member ‘[01m[KdrawCurves[m[K’ [[01;31m[K]8;;https://gcc.gnu.org/onlinedocs/gcc/Warning-Options.html#index-fpermissive-fpermissive]8;;[m[K]
   30 |   void [01;31m[KController[m[K::drawCurves(double radius, double radians
      |        [01;31m[K^~~~~~~~~~[m[K
[01m[K/home/lili/ros/Miniproject_equipo1_2_ws/src/motion/src/Controller.cpp:176:6:[m[K [01;31m[Kerror: [m[Kno declaration matches ‘[01m[Kvoid Controller::drawCurves(double, double, std::string)[m[K’
  176 | void [01;31m[KController[m[K::drawCurves(double radius, double radians,
      |      [01;31m[K^~~~~~~~~~[m[K
In file included from [01m[K/home/lili/ros/Miniproject_equipo1_2_ws/src/motion/src/Controller.cpp:2[m[K:
[01m[K/home/lili/ros/Miniproject_equipo1_2_ws/src/motion/include/motion/Controller.hpp:30:8:[m[K [01;36m[Knote: [m[Kcandidate is: ‘[01m[Kvoid Controller::drawCurves(double, double)[m[K’
   30 |   void [01;36m[KController[m[K::drawCurves(double radius, double radians
      |        [01;36m[K^~~~~~~~~~[m[K
[01m[K/home/lili/ros/Miniproject_equipo1_2_ws/src/motion/include/motion/Controller.hpp:13:7:[m[K [01;36m[Knote: [m[K‘[01m[Kclass Controller[m[K’ defined here
   13 | class [01;36m[KController[m[K
      |       [01;36m[K^~~~~~~~~~[m[K
[01m[K/home/lili/ros/Miniproject_equipo1_2_ws/src/motion/src/Controller.cpp:[m[K In member function ‘[01m[Kvoid Controller::drawScene()[m[K’:
[01m[K/home/lili/ros/Miniproject_equipo1_2_ws/src/motion/src/Controller.cpp:227:19:[m[K [01;31m[Kerror: [m[Kno matching function for call to ‘[01m[KController::drawCurves(double, double, const char [5])[m[K’
  227 |         [01;31m[KdrawCurves(0.5, M_PI, "down")[m[K;
      |         [01;31m[K~~~~~~~~~~^~~~~~~~~~~~~~~~~~~[m[K
In file included from [01m[K/home/lili/ros/Miniproject_equipo1_2_ws/src/motion/src/Controller.cpp:2[m[K:
[01m[K/home/lili/ros/Miniproject_equipo1_2_ws/src/motion/include/motion/Controller.hpp:30:8:[m[K [01;36m[Knote: [m[Kcandidate: ‘[01m[Kvoid Controller::drawCurves(double, double)[m[K’
   30 |   void [01;36m[KController[m[K::drawCurves(double radius, double radians
      |        [01;36m[K^~~~~~~~~~[m[K
[01m[K/home/lili/ros/Miniproject_equipo1_2_ws/src/motion/include/motion/Controller.hpp:30:8:[m[K [01;36m[Knote: [m[K  candidate expects 2 arguments, 3 provided
gmake[2]: *** [CMakeFiles/Controller.dir/build.make:76: CMakeFiles/Controller.dir/src/Controller.cpp.o] Error 1
gmake[1]: *** [CMakeFiles/Makefile2:137: CMakeFiles/Controller.dir/all] Error 2
gmake: *** [Makefile:146: all] Error 2
