[0.010s] Invoking command in '/home/ros2/ros/Miniproject_equipo1_ws/build/motion': CMAKE_PREFIX_PATH=/opt/ros/humble /usr/bin/cmake /home/ros2/ros/Miniproject_equipo1_ws/src/motion -DAMENT_CMAKE_SYMLINK_INSTALL=1 -DCMAKE_INSTALL_PREFIX=/home/ros2/ros/Miniproject_equipo1_ws/install/motion
[0.054s] -- The C compiler identification is GNU 11.4.0
[0.096s] -- The CXX compiler identification is GNU 11.4.0
[0.100s] -- Detecting C compiler ABI info
[0.166s] -- Detecting C compiler ABI info - done
[0.168s] -- Check for working C compiler: /usr/bin/cc - skipped
[0.168s] -- Detecting C compile features
[0.169s] -- Detecting C compile features - done
[0.170s] -- Detecting CXX compiler ABI info
[0.240s] -- Detecting CXX compiler ABI info - done
[0.241s] -- Check for working CXX compiler: /usr/bin/c++ - skipped
[0.241s] -- Detecting CXX compile features
[0.242s] -- Detecting CXX compile features - done
[0.243s] -- Found ament_cmake: 1.3.11 (/opt/ros/humble/share/ament_cmake/cmake)
[0.341s] -- Found Python3: /usr/bin/python3 (found version "3.10.12") found components: Interpreter 
[0.379s] -- Override CMake install command with custom implementation using symlinks instead of copying resources
[0.410s] -- Found rclcpp: 16.0.12 (/opt/ros/humble/share/rclcpp/cmake)
[0.410s] -- Found rosidl_generator_c: 3.1.6 (/opt/ros/humble/share/rosidl_generator_c/cmake)
[0.413s] -- Found rosidl_adapter: 3.1.6 (/opt/ros/humble/share/rosidl_adapter/cmake)
[0.417s] -- Found rosidl_generator_cpp: 3.1.6 (/opt/ros/humble/share/rosidl_generator_cpp/cmake)
[0.423s] -- Using all available rosidl_typesupport_c: rosidl_typesupport_fastrtps_c;rosidl_typesupport_introspection_c
[0.431s] -- Using all available rosidl_typesupport_cpp: rosidl_typesupport_fastrtps_cpp;rosidl_typesupport_introspection_cpp
[0.452s] -- Found rmw_implementation_cmake: 6.1.2 (/opt/ros/humble/share/rmw_implementation_cmake/cmake)
[0.457s] -- Found rmw_fastrtps_cpp: 6.2.7 (/opt/ros/humble/share/rmw_fastrtps_cpp/cmake)
[0.524s] -- Found OpenSSL: /usr/lib/x86_64-linux-gnu/libcrypto.so (found version "3.0.2")  
[0.540s] -- Found FastRTPS: /opt/ros/humble/include  
[0.568s] -- Using RMW implementation 'rmw_fastrtps_cpp' as default
[0.572s] -- Looking for pthread.h
[0.635s] -- Looking for pthread.h - found
[0.635s] -- Performing Test CMAKE_HAVE_LIBC_PTHREAD
[0.691s] -- Performing Test CMAKE_HAVE_LIBC_PTHREAD - Success
[0.692s] -- Found Threads: TRUE  
[0.722s] -- Found geometry_msgs: 4.8.0 (/opt/ros/humble/share/geometry_msgs/cmake)
[0.729s] -- Found turtlesim: 1.4.2 (/opt/ros/humble/share/turtlesim/cmake)
[0.752s] -- Found ament_lint_auto: 0.12.12 (/opt/ros/humble/share/ament_lint_auto/cmake)
[0.799s] -- Added test 'cppcheck' to perform static code analysis on C / C++ code
[0.799s] -- Configured cppcheck include dirs: /home/ros2/ros/Miniproject_equipo1_ws/src/motion/include
[0.799s] -- Configured cppcheck exclude dirs and/or files: 
[0.800s] -- Added test 'lint_cmake' to check CMake code style
[0.801s] -- Added test 'uncrustify' to check C / C++ code style
[0.801s] -- Configured uncrustify additional arguments: 
[0.801s] -- Added test 'xmllint' to check XML markup files
[0.802s] -- Configuring done
[0.808s] -- Generating done
[0.810s] -- Build files have been written to: /home/ros2/ros/Miniproject_equipo1_ws/build/motion
[0.818s] Invoked command in '/home/ros2/ros/Miniproject_equipo1_ws/build/motion' returned '0': CMAKE_PREFIX_PATH=/opt/ros/humble /usr/bin/cmake /home/ros2/ros/Miniproject_equipo1_ws/src/motion -DAMENT_CMAKE_SYMLINK_INSTALL=1 -DCMAKE_INSTALL_PREFIX=/home/ros2/ros/Miniproject_equipo1_ws/install/motion
[0.818s] Invoking command in '/home/ros2/ros/Miniproject_equipo1_ws/build/motion': CMAKE_PREFIX_PATH=/opt/ros/humble /usr/bin/cmake --build /home/ros2/ros/Miniproject_equipo1_ws/build/motion -- -j4 -l4
[0.860s] [ 50%] [32mBuilding CXX object CMakeFiles/Controller.dir/src/Controller.cpp.o[0m
[2.116s] [01m[K/home/ros2/ros/Miniproject_equipo1_ws/src/motion/src/Controller.cpp:[m[K In member function ‘[01m[Kvoid Controller::execute_command(const Pose&)[m[K’:
[2.116s] [01m[K/home/ros2/ros/Miniproject_equipo1_ws/src/motion/src/Controller.cpp:92:62:[m[K [01;35m[Kwarning: [m[Kunused parameter ‘[01m[Kmsg[m[K’ [[01;35m[K]8;;https://gcc.gnu.org/onlinedocs/gcc/Warning-Options.html#index-Wunused-parameter-Wunused-parameter]8;;[m[K]
[2.116s]    92 | void Controller::execute_command([01;35m[Kconst turtlesim::msg::Pose &msg[m[K)
[2.116s]       |                                  [01;35m[K~~~~~~~~~~~~~~~~~~~~~~~~~~~~^~~[m[K
[5.671s] [100%] [32m[1mLinking CXX executable Controller[0m
[5.938s] [100%] Built target Controller
[5.952s] Invoked command in '/home/ros2/ros/Miniproject_equipo1_ws/build/motion' returned '0': CMAKE_PREFIX_PATH=/opt/ros/humble /usr/bin/cmake --build /home/ros2/ros/Miniproject_equipo1_ws/build/motion -- -j4 -l4
[5.969s] Invoking command in '/home/ros2/ros/Miniproject_equipo1_ws/build/motion': CMAKE_PREFIX_PATH=/opt/ros/humble /usr/bin/cmake --install /home/ros2/ros/Miniproject_equipo1_ws/build/motion
[5.980s] -- Install configuration: ""
[5.980s] -- Execute custom install script
[5.980s] -- Symlinking: /home/ros2/ros/Miniproject_equipo1_ws/install/motion/lib/motion/Controller
[5.989s] -- Symlinking: /home/ros2/ros/Miniproject_equipo1_ws/install/motion/share/motion//launch/launch.xml
[6.000s] -- Symlinking: /home/ros2/ros/Miniproject_equipo1_ws/install/motion/share/ament_index/resource_index/package_run_dependencies/motion
[6.008s] -- Symlinking: /home/ros2/ros/Miniproject_equipo1_ws/install/motion/share/ament_index/resource_index/parent_prefix_path/motion
[6.019s] -- Symlinking: /home/ros2/ros/Miniproject_equipo1_ws/install/motion/share/motion/environment/ament_prefix_path.sh
[6.033s] -- Symlinking: /home/ros2/ros/Miniproject_equipo1_ws/install/motion/share/motion/environment/ament_prefix_path.dsv
[6.042s] -- Symlinking: /home/ros2/ros/Miniproject_equipo1_ws/install/motion/share/motion/environment/path.sh
[6.051s] -- Symlinking: /home/ros2/ros/Miniproject_equipo1_ws/install/motion/share/motion/environment/path.dsv
[6.064s] -- Symlinking: /home/ros2/ros/Miniproject_equipo1_ws/install/motion/share/motion/local_setup.bash
[6.071s] -- Symlinking: /home/ros2/ros/Miniproject_equipo1_ws/install/motion/share/motion/local_setup.sh
[6.080s] -- Symlinking: /home/ros2/ros/Miniproject_equipo1_ws/install/motion/share/motion/local_setup.zsh
[6.088s] -- Symlinking: /home/ros2/ros/Miniproject_equipo1_ws/install/motion/share/motion/local_setup.dsv
[6.096s] -- Symlinking: /home/ros2/ros/Miniproject_equipo1_ws/install/motion/share/motion/package.dsv
[6.104s] -- Symlinking: /home/ros2/ros/Miniproject_equipo1_ws/install/motion/share/ament_index/resource_index/packages/motion
[6.113s] -- Symlinking: /home/ros2/ros/Miniproject_equipo1_ws/install/motion/share/motion/cmake/motionConfig.cmake
[6.125s] -- Symlinking: /home/ros2/ros/Miniproject_equipo1_ws/install/motion/share/motion/cmake/motionConfig-version.cmake
[6.136s] -- Symlinking: /home/ros2/ros/Miniproject_equipo1_ws/install/motion/share/motion/package.xml
[6.145s] Invoked command in '/home/ros2/ros/Miniproject_equipo1_ws/build/motion' returned '0': CMAKE_PREFIX_PATH=/opt/ros/humble /usr/bin/cmake --install /home/ros2/ros/Miniproject_equipo1_ws/build/motion
