[0.124s] DEBUG:colcon:Command line arguments: ['/usr/bin/colcon', 'build', '--symlink-install']
[0.124s] DEBUG:colcon:Parsed command line arguments: Namespace(log_base=None, log_level=None, verb_name='build', build_base='build', install_base='install', merge_install=False, symlink_install=True, test_result_base=None, continue_on_error=False, executor='parallel', parallel_workers=4, event_handlers=None, ignore_user_meta=False, metas=['./colcon.meta'], base_paths=['.'], packages_ignore=None, packages_ignore_regex=None, paths=None, packages_up_to=None, packages_up_to_regex=None, packages_above=None, packages_above_and_dependencies=None, packages_above_depth=None, packages_select_by_dep=None, packages_skip_by_dep=None, packages_skip_up_to=None, packages_select_build_failed=False, packages_skip_build_finished=False, packages_select_test_failures=False, packages_skip_test_passed=False, packages_select=None, packages_skip=None, packages_select_regex=None, packages_skip_regex=None, packages_start=None, packages_end=None, allow_overriding=[], cmake_args=None, cmake_target=None, cmake_target_skip_unavailable=False, cmake_clean_cache=False, cmake_clean_first=False, cmake_force_configure=False, ament_cmake_args=None, catkin_cmake_args=None, catkin_skip_building_tests=False, mixin_files=None, mixin=None, verb_parser=<colcon_mixin.mixin.mixin_argument.MixinArgumentDecorator object at 0x72ed37c59960>, verb_extension=<colcon_core.verb.build.BuildVerb object at 0x72ed37c59390>, main=<bound method BuildVerb.main of <colcon_core.verb.build.BuildVerb object at 0x72ed37c59390>>, mixin_verb=('build',))
[0.529s] Level 1:colcon.colcon_core.package_discovery:discover_packages(colcon_meta) check parameters
[0.529s] Level 1:colcon.colcon_core.package_discovery:discover_packages(recursive) check parameters
[0.529s] Level 1:colcon.colcon_core.package_discovery:discover_packages(ignore) check parameters
[0.529s] Level 1:colcon.colcon_core.package_discovery:discover_packages(path) check parameters
[0.529s] Level 1:colcon.colcon_core.package_discovery:discover_packages(colcon_meta) discover
[0.529s] Level 1:colcon.colcon_core.package_discovery:discover_packages(recursive) discover
[0.529s] INFO:colcon.colcon_core.package_discovery:Crawling recursively for packages in '/home/lili/ros/Miniproject_equipo1_2_ws'
[0.530s] Level 1:colcon.colcon_core.package_identification:_identify(.) by extensions ['ignore', 'ignore_ament_install']
[0.530s] Level 1:colcon.colcon_core.package_identification:_identify(.) by extension 'ignore'
[0.530s] Level 1:colcon.colcon_core.package_identification:_identify(.) by extension 'ignore_ament_install'
[0.530s] Level 1:colcon.colcon_core.package_identification:_identify(.) by extensions ['colcon_pkg']
[0.530s] Level 1:colcon.colcon_core.package_identification:_identify(.) by extension 'colcon_pkg'
[0.530s] Level 1:colcon.colcon_core.package_identification:_identify(.) by extensions ['colcon_meta']
[0.530s] Level 1:colcon.colcon_core.package_identification:_identify(.) by extension 'colcon_meta'
[0.530s] Level 1:colcon.colcon_core.package_identification:_identify(.) by extensions ['ros']
[0.530s] Level 1:colcon.colcon_core.package_identification:_identify(.) by extension 'ros'
[0.576s] Level 1:colcon.colcon_core.package_identification:_identify(.) by extensions ['cmake', 'python']
[0.576s] Level 1:colcon.colcon_core.package_identification:_identify(.) by extension 'cmake'
[0.577s] Level 1:colcon.colcon_core.package_identification:_identify(.) by extension 'python'
[0.577s] Level 1:colcon.colcon_core.package_identification:_identify(.) by extensions ['python_setup_py']
[0.577s] Level 1:colcon.colcon_core.package_identification:_identify(.) by extension 'python_setup_py'
[0.578s] Level 1:colcon.colcon_core.package_identification:_identify(build) by extensions ['ignore', 'ignore_ament_install']
[0.579s] Level 1:colcon.colcon_core.package_identification:_identify(build) by extension 'ignore'
[0.579s] Level 1:colcon.colcon_core.package_identification:_identify(build) ignored
[0.580s] Level 1:colcon.colcon_core.package_identification:_identify(install) by extensions ['ignore', 'ignore_ament_install']
[0.580s] Level 1:colcon.colcon_core.package_identification:_identify(install) by extension 'ignore'
[0.580s] Level 1:colcon.colcon_core.package_identification:_identify(install) ignored
[0.581s] Level 1:colcon.colcon_core.package_identification:_identify(log) by extensions ['ignore', 'ignore_ament_install']
[0.582s] Level 1:colcon.colcon_core.package_identification:_identify(log) by extension 'ignore'
[0.582s] Level 1:colcon.colcon_core.package_identification:_identify(log) ignored
[0.583s] Level 1:colcon.colcon_core.package_identification:_identify(src) by extensions ['ignore', 'ignore_ament_install']
[0.583s] Level 1:colcon.colcon_core.package_identification:_identify(src) by extension 'ignore'
[0.583s] Level 1:colcon.colcon_core.package_identification:_identify(src) by extension 'ignore_ament_install'
[0.583s] Level 1:colcon.colcon_core.package_identification:_identify(src) by extensions ['colcon_pkg']
[0.583s] Level 1:colcon.colcon_core.package_identification:_identify(src) by extension 'colcon_pkg'
[0.584s] Level 1:colcon.colcon_core.package_identification:_identify(src) by extensions ['colcon_meta']
[0.584s] Level 1:colcon.colcon_core.package_identification:_identify(src) by extension 'colcon_meta'
[0.584s] Level 1:colcon.colcon_core.package_identification:_identify(src) by extensions ['ros']
[0.585s] Level 1:colcon.colcon_core.package_identification:_identify(src) by extension 'ros'
[0.585s] Level 1:colcon.colcon_core.package_identification:_identify(src) by extensions ['cmake', 'python']
[0.585s] Level 1:colcon.colcon_core.package_identification:_identify(src) by extension 'cmake'
[0.586s] Level 1:colcon.colcon_core.package_identification:_identify(src) by extension 'python'
[0.586s] Level 1:colcon.colcon_core.package_identification:_identify(src) by extensions ['python_setup_py']
[0.586s] Level 1:colcon.colcon_core.package_identification:_identify(src) by extension 'python_setup_py'
[0.587s] Level 1:colcon.colcon_core.package_identification:_identify(src/motion) by extensions ['ignore', 'ignore_ament_install']
[0.587s] Level 1:colcon.colcon_core.package_identification:_identify(src/motion) by extension 'ignore'
[0.587s] Level 1:colcon.colcon_core.package_identification:_identify(src/motion) by extension 'ignore_ament_install'
[0.588s] Level 1:colcon.colcon_core.package_identification:_identify(src/motion) by extensions ['colcon_pkg']
[0.588s] Level 1:colcon.colcon_core.package_identification:_identify(src/motion) by extension 'colcon_pkg'
[0.588s] Level 1:colcon.colcon_core.package_identification:_identify(src/motion) by extensions ['colcon_meta']
[0.589s] Level 1:colcon.colcon_core.package_identification:_identify(src/motion) by extension 'colcon_meta'
[0.589s] Level 1:colcon.colcon_core.package_identification:_identify(src/motion) by extensions ['ros']
[0.589s] Level 1:colcon.colcon_core.package_identification:_identify(src/motion) by extension 'ros'
[0.597s] DEBUG:colcon.colcon_core.package_identification:Package 'src/motion' with type 'ros.ament_cmake' and name 'motion'
[0.597s] Level 1:colcon.colcon_core.package_discovery:discover_packages(recursive) using defaults
[0.598s] Level 1:colcon.colcon_core.package_discovery:discover_packages(ignore) discover
[0.598s] Level 1:colcon.colcon_core.package_discovery:discover_packages(ignore) using defaults
[0.598s] Level 1:colcon.colcon_core.package_discovery:discover_packages(path) discover
[0.599s] Level 1:colcon.colcon_core.package_discovery:discover_packages(path) using defaults
[0.690s] Level 1:colcon.colcon_core.package_discovery:discover_packages(prefix_path) check parameters
[0.690s] Level 1:colcon.colcon_core.package_discovery:discover_packages(prefix_path) discover
[0.692s] DEBUG:colcon.colcon_installed_package_information.package_discovery:Found 1 installed packages in /home/lili/ros/Miniproject_equipo1_2_ws/install
[0.696s] DEBUG:colcon.colcon_installed_package_information.package_discovery:Found 297 installed packages in /opt/ros/humble
[0.702s] Level 1:colcon.colcon_core.package_discovery:discover_packages(prefix_path) using defaults
[0.852s] Level 5:colcon.colcon_core.verb:set package 'motion' build argument 'cmake_args' from command line to 'None'
[0.853s] Level 5:colcon.colcon_core.verb:set package 'motion' build argument 'cmake_target' from command line to 'None'
[0.853s] Level 5:colcon.colcon_core.verb:set package 'motion' build argument 'cmake_target_skip_unavailable' from command line to 'False'
[0.853s] Level 5:colcon.colcon_core.verb:set package 'motion' build argument 'cmake_clean_cache' from command line to 'False'
[0.853s] Level 5:colcon.colcon_core.verb:set package 'motion' build argument 'cmake_clean_first' from command line to 'False'
[0.853s] Level 5:colcon.colcon_core.verb:set package 'motion' build argument 'cmake_force_configure' from command line to 'False'
[0.853s] Level 5:colcon.colcon_core.verb:set package 'motion' build argument 'ament_cmake_args' from command line to 'None'
[0.853s] Level 5:colcon.colcon_core.verb:set package 'motion' build argument 'catkin_cmake_args' from command line to 'None'
[0.853s] Level 5:colcon.colcon_core.verb:set package 'motion' build argument 'catkin_skip_building_tests' from command line to 'False'
[0.853s] DEBUG:colcon.colcon_core.verb:Building package 'motion' with the following arguments: {'ament_cmake_args': None, 'build_base': '/home/lili/ros/Miniproject_equipo1_2_ws/build/motion', 'catkin_cmake_args': None, 'catkin_skip_building_tests': False, 'cmake_args': None, 'cmake_clean_cache': False, 'cmake_clean_first': False, 'cmake_force_configure': False, 'cmake_target': None, 'cmake_target_skip_unavailable': False, 'install_base': '/home/lili/ros/Miniproject_equipo1_2_ws/install/motion', 'merge_install': False, 'path': '/home/lili/ros/Miniproject_equipo1_2_ws/src/motion', 'symlink_install': True, 'test_result_base': None}
[0.854s] INFO:colcon.colcon_core.executor:Executing jobs using 'parallel' executor
[0.857s] DEBUG:colcon.colcon_parallel_executor.executor.parallel:run_until_complete
[0.857s] INFO:colcon.colcon_ros.task.ament_cmake.build:Building ROS package in '/home/lili/ros/Miniproject_equipo1_2_ws/src/motion' with build type 'ament_cmake'
[0.857s] INFO:colcon.colcon_cmake.task.cmake.build:Building CMake package in '/home/lili/ros/Miniproject_equipo1_2_ws/src/motion'
[0.862s] INFO:colcon.colcon_core.plugin_system:Skipping extension 'colcon_core.shell.bat': Not used on non-Windows systems
[0.863s] INFO:colcon.colcon_core.shell:Skip shell extension 'powershell' for command environment: Not usable outside of PowerShell
[0.864s] DEBUG:colcon.colcon_core.shell:Skip shell extension 'dsv' for command environment
[0.892s] DEBUG:colcon.colcon_core.event_handler.log_command:Invoking command in '/home/lili/ros/Miniproject_equipo1_2_ws/build/motion': CMAKE_PREFIX_PATH=${CMAKE_PREFIX_PATH}:/opt/ros/humble /usr/bin/cmake --build /home/lili/ros/Miniproject_equipo1_2_ws/build/motion -- -j4 -l4
[17.457s] DEBUG:colcon.colcon_core.event_handler.log_command:Invoked command in '/home/lili/ros/Miniproject_equipo1_2_ws/build/motion' returned '0': CMAKE_PREFIX_PATH=${CMAKE_PREFIX_PATH}:/opt/ros/humble /usr/bin/cmake --build /home/lili/ros/Miniproject_equipo1_2_ws/build/motion -- -j4 -l4
[17.479s] DEBUG:colcon.colcon_core.event_handler.log_command:Invoking command in '/home/lili/ros/Miniproject_equipo1_2_ws/build/motion': CMAKE_PREFIX_PATH=${CMAKE_PREFIX_PATH}:/opt/ros/humble /usr/bin/cmake --install /home/lili/ros/Miniproject_equipo1_2_ws/build/motion
[17.537s] Level 1:colcon.colcon_core.environment:create_environment_scripts_only(motion)
[17.540s] DEBUG:colcon.colcon_core.event_handler.log_command:Invoked command in '/home/lili/ros/Miniproject_equipo1_2_ws/build/motion' returned '0': CMAKE_PREFIX_PATH=${CMAKE_PREFIX_PATH}:/opt/ros/humble /usr/bin/cmake --install /home/lili/ros/Miniproject_equipo1_2_ws/build/motion
[17.544s] Level 1:colcon.colcon_core.environment:checking '/home/lili/ros/Miniproject_equipo1_2_ws/install/motion' for CMake module files
[17.545s] Level 1:colcon.colcon_core.environment:checking '/home/lili/ros/Miniproject_equipo1_2_ws/install/motion' for CMake config files
[17.545s] Level 1:colcon.colcon_core.shell:create_environment_hook('motion', 'cmake_prefix_path')
[17.545s] INFO:colcon.colcon_core.shell:Creating environment hook '/home/lili/ros/Miniproject_equipo1_2_ws/install/motion/share/motion/hook/cmake_prefix_path.ps1'
[17.546s] INFO:colcon.colcon_core.shell:Creating environment descriptor '/home/lili/ros/Miniproject_equipo1_2_ws/install/motion/share/motion/hook/cmake_prefix_path.dsv'
[17.547s] INFO:colcon.colcon_core.shell:Creating environment hook '/home/lili/ros/Miniproject_equipo1_2_ws/install/motion/share/motion/hook/cmake_prefix_path.sh'
[17.551s] Level 1:colcon.colcon_core.environment:checking '/home/lili/ros/Miniproject_equipo1_2_ws/install/motion/lib'
[17.552s] Level 1:colcon.colcon_core.environment:checking '/home/lili/ros/Miniproject_equipo1_2_ws/install/motion/bin'
[17.553s] Level 1:colcon.colcon_core.environment:checking '/home/lili/ros/Miniproject_equipo1_2_ws/install/motion/lib/pkgconfig/motion.pc'
[17.555s] Level 1:colcon.colcon_core.environment:checking '/home/lili/ros/Miniproject_equipo1_2_ws/install/motion/lib/python3.10/site-packages'
[17.556s] Level 1:colcon.colcon_core.environment:checking '/home/lili/ros/Miniproject_equipo1_2_ws/install/motion/bin'
[17.556s] INFO:colcon.colcon_core.shell:Creating package script '/home/lili/ros/Miniproject_equipo1_2_ws/install/motion/share/motion/package.ps1'
[17.559s] INFO:colcon.colcon_core.shell:Creating package descriptor '/home/lili/ros/Miniproject_equipo1_2_ws/install/motion/share/motion/package.dsv'
[17.560s] INFO:colcon.colcon_core.shell:Creating package script '/home/lili/ros/Miniproject_equipo1_2_ws/install/motion/share/motion/package.sh'
[17.561s] INFO:colcon.colcon_core.shell:Creating package script '/home/lili/ros/Miniproject_equipo1_2_ws/install/motion/share/motion/package.bash'
[17.561s] INFO:colcon.colcon_core.shell:Creating package script '/home/lili/ros/Miniproject_equipo1_2_ws/install/motion/share/motion/package.zsh'
[17.562s] Level 1:colcon.colcon_core.environment:create_file_with_runtime_dependencies(/home/lili/ros/Miniproject_equipo1_2_ws/install/motion/share/colcon-core/packages/motion)
[17.563s] Level 1:colcon.colcon_core.environment:create_environment_scripts_only(motion)
[17.563s] Level 1:colcon.colcon_core.environment:checking '/home/lili/ros/Miniproject_equipo1_2_ws/install/motion' for CMake module files
[17.565s] Level 1:colcon.colcon_core.environment:checking '/home/lili/ros/Miniproject_equipo1_2_ws/install/motion' for CMake config files
[17.567s] Level 1:colcon.colcon_core.shell:create_environment_hook('motion', 'cmake_prefix_path')
[17.569s] INFO:colcon.colcon_core.shell:Creating environment hook '/home/lili/ros/Miniproject_equipo1_2_ws/install/motion/share/motion/hook/cmake_prefix_path.ps1'
[17.572s] INFO:colcon.colcon_core.shell:Creating environment descriptor '/home/lili/ros/Miniproject_equipo1_2_ws/install/motion/share/motion/hook/cmake_prefix_path.dsv'
[17.573s] INFO:colcon.colcon_core.shell:Creating environment hook '/home/lili/ros/Miniproject_equipo1_2_ws/install/motion/share/motion/hook/cmake_prefix_path.sh'
[17.574s] Level 1:colcon.colcon_core.environment:checking '/home/lili/ros/Miniproject_equipo1_2_ws/install/motion/lib'
[17.575s] Level 1:colcon.colcon_core.environment:checking '/home/lili/ros/Miniproject_equipo1_2_ws/install/motion/bin'
[17.575s] Level 1:colcon.colcon_core.environment:checking '/home/lili/ros/Miniproject_equipo1_2_ws/install/motion/lib/pkgconfig/motion.pc'
[17.575s] Level 1:colcon.colcon_core.environment:checking '/home/lili/ros/Miniproject_equipo1_2_ws/install/motion/lib/python3.10/site-packages'
[17.576s] Level 1:colcon.colcon_core.environment:checking '/home/lili/ros/Miniproject_equipo1_2_ws/install/motion/bin'
[17.577s] INFO:colcon.colcon_core.shell:Creating package script '/home/lili/ros/Miniproject_equipo1_2_ws/install/motion/share/motion/package.ps1'
[17.577s] INFO:colcon.colcon_core.shell:Creating package descriptor '/home/lili/ros/Miniproject_equipo1_2_ws/install/motion/share/motion/package.dsv'
[17.578s] INFO:colcon.colcon_core.shell:Creating package script '/home/lili/ros/Miniproject_equipo1_2_ws/install/motion/share/motion/package.sh'
[17.578s] INFO:colcon.colcon_core.shell:Creating package script '/home/lili/ros/Miniproject_equipo1_2_ws/install/motion/share/motion/package.bash'
[17.579s] INFO:colcon.colcon_core.shell:Creating package script '/home/lili/ros/Miniproject_equipo1_2_ws/install/motion/share/motion/package.zsh'
[17.580s] Level 1:colcon.colcon_core.environment:create_file_with_runtime_dependencies(/home/lili/ros/Miniproject_equipo1_2_ws/install/motion/share/colcon-core/packages/motion)
[17.580s] DEBUG:colcon.colcon_parallel_executor.executor.parallel:closing loop
[17.582s] DEBUG:colcon.colcon_parallel_executor.executor.parallel:loop closed
[17.583s] DEBUG:colcon.colcon_parallel_executor.executor.parallel:run_until_complete finished with '0'
[17.583s] DEBUG:colcon.colcon_core.event_reactor:joining thread
[17.597s] INFO:colcon.colcon_core.plugin_system:Skipping extension 'colcon_notification.desktop_notification.terminal_notifier': Not used on non-Darwin systems
[17.597s] INFO:colcon.colcon_core.plugin_system:Skipping extension 'colcon_notification.desktop_notification.win32': Not used on non-Windows systems
[17.597s] INFO:colcon.colcon_notification.desktop_notification:Sending desktop notification using 'notify2'
[17.635s] DEBUG:colcon.colcon_core.event_reactor:joined thread
[17.637s] INFO:colcon.colcon_core.shell:Creating prefix script '/home/lili/ros/Miniproject_equipo1_2_ws/install/local_setup.ps1'
[17.640s] INFO:colcon.colcon_core.shell:Creating prefix util module '/home/lili/ros/Miniproject_equipo1_2_ws/install/_local_setup_util_ps1.py'
[17.644s] INFO:colcon.colcon_core.shell:Creating prefix chain script '/home/lili/ros/Miniproject_equipo1_2_ws/install/setup.ps1'
[17.646s] INFO:colcon.colcon_core.shell:Creating prefix script '/home/lili/ros/Miniproject_equipo1_2_ws/install/local_setup.sh'
[17.647s] INFO:colcon.colcon_core.shell:Creating prefix util module '/home/lili/ros/Miniproject_equipo1_2_ws/install/_local_setup_util_sh.py'
[17.648s] INFO:colcon.colcon_core.shell:Creating prefix chain script '/home/lili/ros/Miniproject_equipo1_2_ws/install/setup.sh'
[17.650s] INFO:colcon.colcon_core.shell:Creating prefix script '/home/lili/ros/Miniproject_equipo1_2_ws/install/local_setup.bash'
[17.651s] INFO:colcon.colcon_core.shell:Creating prefix chain script '/home/lili/ros/Miniproject_equipo1_2_ws/install/setup.bash'
[17.653s] INFO:colcon.colcon_core.shell:Creating prefix script '/home/lili/ros/Miniproject_equipo1_2_ws/install/local_setup.zsh'
[17.654s] INFO:colcon.colcon_core.shell:Creating prefix chain script '/home/lili/ros/Miniproject_equipo1_2_ws/install/setup.zsh'
