[0.045s] Invoking command in '/home/lili/ros/Miniproject_equipo1_2_ws/build/motion': CMAKE_PREFIX_PATH=${CMAKE_PREFIX_PATH}:/opt/ros/humble /usr/bin/cmake --build /home/lili/ros/Miniproject_equipo1_2_ws/build/motion -- -j4 -l4
[0.169s] [35m[1mConsolidate compiler generated dependencies of target Controller[0m
[0.225s] [ 50%] [32mBuilding CXX object CMakeFiles/Controller.dir/src/Controller.cpp.o[0m
[14.329s] [100%] [32m[1mLinking CXX executable Controller[0m
[15.774s] [100%] Built target Controller
[15.802s] Invoked command in '/home/lili/ros/Miniproject_equipo1_2_ws/build/motion' returned '0': CMAKE_PREFIX_PATH=${CMAKE_PREFIX_PATH}:/opt/ros/humble /usr/bin/cmake --build /home/lili/ros/Miniproject_equipo1_2_ws/build/motion -- -j4 -l4
[15.831s] Invoking command in '/home/lili/ros/Miniproject_equipo1_2_ws/build/motion': CMAKE_PREFIX_PATH=${CMAKE_PREFIX_PATH}:/opt/ros/humble /usr/bin/cmake --install /home/lili/ros/Miniproject_equipo1_2_ws/build/motion
[15.853s] -- Install configuration: ""
[15.854s] -- Execute custom install script
[15.854s] -- Up-to-date symlink: /home/lili/ros/Miniproject_equipo1_2_ws/install/motion/lib/motion/Controller
[15.857s] -- Up-to-date symlink: /home/lili/ros/Miniproject_equipo1_2_ws/install/motion/share/motion//launch/launch.xml
[15.861s] -- Up-to-date symlink: /home/lili/ros/Miniproject_equipo1_2_ws/install/motion/share/ament_index/resource_index/package_run_dependencies/motion
[15.862s] -- Up-to-date symlink: /home/lili/ros/Miniproject_equipo1_2_ws/install/motion/share/ament_index/resource_index/parent_prefix_path/motion
[15.863s] -- Up-to-date symlink: /home/lili/ros/Miniproject_equipo1_2_ws/install/motion/share/motion/environment/ament_prefix_path.sh
[15.864s] -- Up-to-date symlink: /home/lili/ros/Miniproject_equipo1_2_ws/install/motion/share/motion/environment/ament_prefix_path.dsv
[15.864s] -- Up-to-date symlink: /home/lili/ros/Miniproject_equipo1_2_ws/install/motion/share/motion/environment/path.sh
[15.864s] -- Up-to-date symlink: /home/lili/ros/Miniproject_equipo1_2_ws/install/motion/share/motion/environment/path.dsv
[15.864s] -- Up-to-date symlink: /home/lili/ros/Miniproject_equipo1_2_ws/install/motion/share/motion/local_setup.bash
[15.864s] -- Up-to-date symlink: /home/lili/ros/Miniproject_equipo1_2_ws/install/motion/share/motion/local_setup.sh
[15.865s] -- Up-to-date symlink: /home/lili/ros/Miniproject_equipo1_2_ws/install/motion/share/motion/local_setup.zsh
[15.865s] -- Up-to-date symlink: /home/lili/ros/Miniproject_equipo1_2_ws/install/motion/share/motion/local_setup.dsv
[15.865s] -- Symlinking: /home/lili/ros/Miniproject_equipo1_2_ws/install/motion/share/motion/package.dsv
[15.885s] -- Up-to-date symlink: /home/lili/ros/Miniproject_equipo1_2_ws/install/motion/share/ament_index/resource_index/packages/motion
[15.885s] -- Up-to-date symlink: /home/lili/ros/Miniproject_equipo1_2_ws/install/motion/share/motion/cmake/motionConfig.cmake
[15.885s] -- Up-to-date symlink: /home/lili/ros/Miniproject_equipo1_2_ws/install/motion/share/motion/cmake/motionConfig-version.cmake
[15.885s] -- Up-to-date symlink: /home/lili/ros/Miniproject_equipo1_2_ws/install/motion/share/motion/package.xml
[15.893s] Invoked command in '/home/lili/ros/Miniproject_equipo1_2_ws/build/motion' returned '0': CMAKE_PREFIX_PATH=${CMAKE_PREFIX_PATH}:/opt/ros/humble /usr/bin/cmake --install /home/lili/ros/Miniproject_equipo1_2_ws/build/motion
