[0.009s] Invoking command in '/home/usuario/ros/Miniproject_equipo1_ws/build/motion': CMAKE_PREFIX_PATH=${CMAKE_PREFIX_PATH}:/opt/ros/humble /usr/bin/cmake /home/usuario/ros/Miniproject_equipo1_ws/src/motion -DAMENT_CMAKE_SYMLINK_INSTALL=1 -DCMAKE_INSTALL_PREFIX=/home/usuario/ros/Miniproject_equipo1_ws/install/motion
[0.214s] -- The C compiler identification is GNU 11.4.0
[0.499s] -- The CXX compiler identification is GNU 13.1.0
[0.602s] -- Detecting C compiler ABI info
[0.706s] -- Detecting C compiler ABI info - done
[0.710s] -- Check for working C compiler: /usr/bin/cc - skipped
[0.710s] -- Detecting C compile features
[0.711s] -- Detecting C compile features - done
[0.713s] -- Detecting CXX compiler ABI info
[0.793s] -- Detecting CXX compiler ABI info - done
[0.797s] -- Check for working CXX compiler: /usr/bin/c++ - skipped
[0.797s] -- Detecting CXX compile features
[0.798s] -- Detecting CXX compile features - done
[0.812s] -- Found ament_cmake: 1.3.11 (/opt/ros/humble/share/ament_cmake/cmake)
[0.916s] -- Found Python3: /usr/bin/python3 (found version "3.10.12") found components: Interpreter 
[0.970s] -- Override CMake install command with custom implementation using symlinks instead of copying resources
[0.999s] -- Found rclcpp: 16.0.12 (/opt/ros/humble/share/rclcpp/cmake)
[1.117s] -- Found rosidl_generator_c: 3.1.6 (/opt/ros/humble/share/rosidl_generator_c/cmake)
[1.122s] -- Found rosidl_adapter: 3.1.6 (/opt/ros/humble/share/rosidl_adapter/cmake)
[1.132s] -- Found rosidl_generator_cpp: 3.1.6 (/opt/ros/humble/share/rosidl_generator_cpp/cmake)
[1.148s] -- Using all available rosidl_typesupport_c: rosidl_typesupport_fastrtps_c;rosidl_typesupport_introspection_c
[1.165s] -- Using all available rosidl_typesupport_cpp: rosidl_typesupport_fastrtps_cpp;rosidl_typesupport_introspection_cpp
[1.212s] -- Found rmw_implementation_cmake: 6.1.2 (/opt/ros/humble/share/rmw_implementation_cmake/cmake)
[1.216s] -- Found rmw_fastrtps_cpp: 6.2.7 (/opt/ros/humble/share/rmw_fastrtps_cpp/cmake)
[1.676s] -- Found OpenSSL: /usr/lib/x86_64-linux-gnu/libcrypto.so (found version "3.0.2")  
[2.238s] -- Found FastRTPS: /opt/ros/humble/include  
[3.173s] -- Using RMW implementation 'rmw_fastrtps_cpp' as default
[3.182s] -- Looking for pthread.h
[3.273s] -- Looking for pthread.h - found
[3.273s] -- Performing Test CMAKE_HAVE_LIBC_PTHREAD
[3.346s] -- Performing Test CMAKE_HAVE_LIBC_PTHREAD - Success
[3.347s] -- Found Threads: TRUE  
[3.396s] -- Found geometry_msgs: 4.9.0 (/opt/ros/humble/share/geometry_msgs/cmake)
[3.410s] -- Found turtlesim: 1.4.2 (/opt/ros/humble/share/turtlesim/cmake)
[3.452s] -- Found ament_lint_auto: 0.12.12 (/opt/ros/humble/share/ament_lint_auto/cmake)
[3.509s] -- Added test 'cppcheck' to perform static code analysis on C / C++ code
[3.509s] -- Configured cppcheck include dirs: /home/usuario/ros/Miniproject_equipo1_ws/src/motion/include
[3.509s] -- Configured cppcheck exclude dirs and/or files: 
[3.510s] -- Added test 'lint_cmake' to check CMake code style
[3.511s] -- Added test 'uncrustify' to check C / C++ code style
[3.511s] -- Configured uncrustify additional arguments: 
[3.512s] -- Added test 'xmllint' to check XML markup files
[3.513s] -- Configuring done
[3.522s] -- Generating done
[3.525s] -- Build files have been written to: /home/usuario/ros/Miniproject_equipo1_ws/build/motion
[3.532s] Invoked command in '/home/usuario/ros/Miniproject_equipo1_ws/build/motion' returned '0': CMAKE_PREFIX_PATH=${CMAKE_PREFIX_PATH}:/opt/ros/humble /usr/bin/cmake /home/usuario/ros/Miniproject_equipo1_ws/src/motion -DAMENT_CMAKE_SYMLINK_INSTALL=1 -DCMAKE_INSTALL_PREFIX=/home/usuario/ros/Miniproject_equipo1_ws/install/motion
[3.533s] Invoking command in '/home/usuario/ros/Miniproject_equipo1_ws/build/motion': CMAKE_PREFIX_PATH=${CMAKE_PREFIX_PATH}:/opt/ros/humble /usr/bin/cmake --build /home/usuario/ros/Miniproject_equipo1_ws/build/motion -- -j20 -l20
[3.563s] [ 50%] [32mBuilding CXX object CMakeFiles/Controller.dir/src/Controller.cpp.o[0m
[6.683s] [100%] [32m[1mLinking CXX executable Controller[0m
[6.889s] [100%] Built target Controller
[6.899s] Invoked command in '/home/usuario/ros/Miniproject_equipo1_ws/build/motion' returned '0': CMAKE_PREFIX_PATH=${CMAKE_PREFIX_PATH}:/opt/ros/humble /usr/bin/cmake --build /home/usuario/ros/Miniproject_equipo1_ws/build/motion -- -j20 -l20
[6.906s] Invoking command in '/home/usuario/ros/Miniproject_equipo1_ws/build/motion': CMAKE_PREFIX_PATH=${CMAKE_PREFIX_PATH}:/opt/ros/humble /usr/bin/cmake --install /home/usuario/ros/Miniproject_equipo1_ws/build/motion
[6.910s] -- Install configuration: ""
[6.910s] -- Execute custom install script
[6.910s] -- Symlinking: /home/usuario/ros/Miniproject_equipo1_ws/install/motion/lib/motion/Controller
[6.916s] -- Symlinking: /home/usuario/ros/Miniproject_equipo1_ws/install/motion/share/motion//launch/launch.xml
[6.921s] -- Symlinking: /home/usuario/ros/Miniproject_equipo1_ws/install/motion/share/ament_index/resource_index/package_run_dependencies/motion
[6.927s] -- Symlinking: /home/usuario/ros/Miniproject_equipo1_ws/install/motion/share/ament_index/resource_index/parent_prefix_path/motion
[6.934s] -- Symlinking: /home/usuario/ros/Miniproject_equipo1_ws/install/motion/share/motion/environment/ament_prefix_path.sh
[6.940s] -- Symlinking: /home/usuario/ros/Miniproject_equipo1_ws/install/motion/share/motion/environment/ament_prefix_path.dsv
[6.946s] -- Symlinking: /home/usuario/ros/Miniproject_equipo1_ws/install/motion/share/motion/environment/path.sh
[6.952s] -- Symlinking: /home/usuario/ros/Miniproject_equipo1_ws/install/motion/share/motion/environment/path.dsv
[6.958s] -- Symlinking: /home/usuario/ros/Miniproject_equipo1_ws/install/motion/share/motion/local_setup.bash
[6.963s] -- Symlinking: /home/usuario/ros/Miniproject_equipo1_ws/install/motion/share/motion/local_setup.sh
[6.970s] -- Symlinking: /home/usuario/ros/Miniproject_equipo1_ws/install/motion/share/motion/local_setup.zsh
[6.976s] -- Symlinking: /home/usuario/ros/Miniproject_equipo1_ws/install/motion/share/motion/local_setup.dsv
[6.982s] -- Symlinking: /home/usuario/ros/Miniproject_equipo1_ws/install/motion/share/motion/package.dsv
[6.987s] -- Symlinking: /home/usuario/ros/Miniproject_equipo1_ws/install/motion/share/ament_index/resource_index/packages/motion
[6.993s] -- Symlinking: /home/usuario/ros/Miniproject_equipo1_ws/install/motion/share/motion/cmake/motionConfig.cmake
[6.999s] -- Symlinking: /home/usuario/ros/Miniproject_equipo1_ws/install/motion/share/motion/cmake/motionConfig-version.cmake
[7.006s] -- Symlinking: /home/usuario/ros/Miniproject_equipo1_ws/install/motion/share/motion/package.xml
[7.014s] Invoked command in '/home/usuario/ros/Miniproject_equipo1_ws/build/motion' returned '0': CMAKE_PREFIX_PATH=${CMAKE_PREFIX_PATH}:/opt/ros/humble /usr/bin/cmake --install /home/usuario/ros/Miniproject_equipo1_ws/build/motion
