[0.009s] Invoking command in '/home/usuario/ros/Miniproject_equipo1_ws/build/motion': CMAKE_PREFIX_PATH=${CMAKE_PREFIX_PATH}:/opt/ros/humble /usr/bin/cmake --build /home/usuario/ros/Miniproject_equipo1_ws/build/motion -- -j20 -l20
[0.033s] [35m[1mConsolidate compiler generated dependencies of target Controller[0m
[0.043s] [ 50%] [32mBuilding CXX object CMakeFiles/Controller.dir/src/Controller.cpp.o[0m
[1.224s] [01m[K/home/usuario/ros/Miniproject_equipo1_ws/src/motion/src/Controller.cpp:[m[K In member function ‘[01m[Kvoid Controller::[01;32m[KdrawTriangleUP[m[K(double, bool)[m[K’:
[1.224s] [01m[K/home/usuario/ros/Miniproject_equipo1_ws/src/motion/src/Controller.cpp:122:10:[m[K [01;35m[Kwarning: [m[Kunused variable ‘[01m[Kangle_down[m[K’ [[01;35m[K]8;;https://gcc.gnu.org/onlinedocs/gcc/Warning-Options.html#index-Wunused-variable-Wunused-variable]8;;[m[K]
[1.224s]   122 |   double [01;35m[Kangle_down[m[K = -M_PI / 3.0;  // -60 grados
[1.225s]       |          [01;35m[K^~~~~~~~~~[m[K
[5.148s] [100%] [32m[1mLinking CXX executable Controller[0m
[5.472s] [100%] Built target Controller
[5.478s] Invoked command in '/home/usuario/ros/Miniproject_equipo1_ws/build/motion' returned '0': CMAKE_PREFIX_PATH=${CMAKE_PREFIX_PATH}:/opt/ros/humble /usr/bin/cmake --build /home/usuario/ros/Miniproject_equipo1_ws/build/motion -- -j20 -l20
[5.484s] Invoking command in '/home/usuario/ros/Miniproject_equipo1_ws/build/motion': CMAKE_PREFIX_PATH=${CMAKE_PREFIX_PATH}:/opt/ros/humble /usr/bin/cmake --install /home/usuario/ros/Miniproject_equipo1_ws/build/motion
[5.489s] -- Install configuration: ""
[5.490s] -- Execute custom install script
[5.490s] -- Up-to-date symlink: /home/usuario/ros/Miniproject_equipo1_ws/install/motion/lib/motion/Controller
[5.491s] -- Up-to-date symlink: /home/usuario/ros/Miniproject_equipo1_ws/install/motion/share/motion//launch/launch.xml
[5.491s] -- Up-to-date symlink: /home/usuario/ros/Miniproject_equipo1_ws/install/motion/share/ament_index/resource_index/package_run_dependencies/motion
[5.491s] -- Up-to-date symlink: /home/usuario/ros/Miniproject_equipo1_ws/install/motion/share/ament_index/resource_index/parent_prefix_path/motion
[5.491s] -- Up-to-date symlink: /home/usuario/ros/Miniproject_equipo1_ws/install/motion/share/motion/environment/ament_prefix_path.sh
[5.491s] -- Up-to-date symlink: /home/usuario/ros/Miniproject_equipo1_ws/install/motion/share/motion/environment/ament_prefix_path.dsv
[5.491s] -- Up-to-date symlink: /home/usuario/ros/Miniproject_equipo1_ws/install/motion/share/motion/environment/path.sh
[5.492s] -- Up-to-date symlink: /home/usuario/ros/Miniproject_equipo1_ws/install/motion/share/motion/environment/path.dsv
[5.492s] -- Up-to-date symlink: /home/usuario/ros/Miniproject_equipo1_ws/install/motion/share/motion/local_setup.bash
[5.492s] -- Up-to-date symlink: /home/usuario/ros/Miniproject_equipo1_ws/install/motion/share/motion/local_setup.sh
[5.492s] -- Up-to-date symlink: /home/usuario/ros/Miniproject_equipo1_ws/install/motion/share/motion/local_setup.zsh
[5.492s] -- Up-to-date symlink: /home/usuario/ros/Miniproject_equipo1_ws/install/motion/share/motion/local_setup.dsv
[5.492s] -- Symlinking: /home/usuario/ros/Miniproject_equipo1_ws/install/motion/share/motion/package.dsv
[5.497s] -- Up-to-date symlink: /home/usuario/ros/Miniproject_equipo1_ws/install/motion/share/ament_index/resource_index/packages/motion
[5.497s] -- Up-to-date symlink: /home/usuario/ros/Miniproject_equipo1_ws/install/motion/share/motion/cmake/motionConfig.cmake
[5.497s] -- Up-to-date symlink: /home/usuario/ros/Miniproject_equipo1_ws/install/motion/share/motion/cmake/motionConfig-version.cmake
[5.497s] -- Up-to-date symlink: /home/usuario/ros/Miniproject_equipo1_ws/install/motion/share/motion/package.xml
[5.498s] Invoked command in '/home/usuario/ros/Miniproject_equipo1_ws/build/motion' returned '0': CMAKE_PREFIX_PATH=${CMAKE_PREFIX_PATH}:/opt/ros/humble /usr/bin/cmake --install /home/usuario/ros/Miniproject_equipo1_ws/build/motion
