[0.008s] Invoking command in '/home/usuario/ros/Miniproject_equipo1_ws/build/motion': CMAKE_PREFIX_PATH=${CMAKE_PREFIX_PATH}:/opt/ros/humble /usr/bin/cmake --build /home/usuario/ros/Miniproject_equipo1_ws/build/motion -- -j20 -l20
[0.036s] [35m[1mConsolidate compiler generated dependencies of target Controller[0m
[0.047s] [ 50%] [32mBuilding CXX object CMakeFiles/Controller.dir/src/Controller.cpp.o[0m
[5.796s] [100%] [32m[1mLinking CXX executable Controller[0m
[6.085s] [100%] Built target Controller
[6.094s] Invoked command in '/home/usuario/ros/Miniproject_equipo1_ws/build/motion' returned '0': CMAKE_PREFIX_PATH=${CMAKE_PREFIX_PATH}:/opt/ros/humble /usr/bin/cmake --build /home/usuario/ros/Miniproject_equipo1_ws/build/motion -- -j20 -l20
[6.100s] Invoking command in '/home/usuario/ros/Miniproject_equipo1_ws/build/motion': CMAKE_PREFIX_PATH=${CMAKE_PREFIX_PATH}:/opt/ros/humble /usr/bin/cmake --install /home/usuario/ros/Miniproject_equipo1_ws/build/motion
[6.105s] -- Install configuration: ""
[6.105s] -- Execute custom install script
[6.105s] -- Up-to-date symlink: /home/usuario/ros/Miniproject_equipo1_ws/install/motion/lib/motion/Controller
[6.106s] -- Up-to-date symlink: /home/usuario/ros/Miniproject_equipo1_ws/install/motion/share/motion//launch/launch.xml
[6.106s] -- Up-to-date symlink: /home/usuario/ros/Miniproject_equipo1_ws/install/motion/share/ament_index/resource_index/package_run_dependencies/motion
[6.106s] -- Up-to-date symlink: /home/usuario/ros/Miniproject_equipo1_ws/install/motion/share/ament_index/resource_index/parent_prefix_path/motion
[6.106s] -- Up-to-date symlink: /home/usuario/ros/Miniproject_equipo1_ws/install/motion/share/motion/environment/ament_prefix_path.sh
[6.106s] -- Up-to-date symlink: /home/usuario/ros/Miniproject_equipo1_ws/install/motion/share/motion/environment/ament_prefix_path.dsv
[6.106s] -- Up-to-date symlink: /home/usuario/ros/Miniproject_equipo1_ws/install/motion/share/motion/environment/path.sh
[6.106s] -- Up-to-date symlink: /home/usuario/ros/Miniproject_equipo1_ws/install/motion/share/motion/environment/path.dsv
[6.106s] -- Up-to-date symlink: /home/usuario/ros/Miniproject_equipo1_ws/install/motion/share/motion/local_setup.bash
[6.107s] -- Up-to-date symlink: /home/usuario/ros/Miniproject_equipo1_ws/install/motion/share/motion/local_setup.sh
[6.107s] -- Up-to-date symlink: /home/usuario/ros/Miniproject_equipo1_ws/install/motion/share/motion/local_setup.zsh
[6.107s] -- Up-to-date symlink: /home/usuario/ros/Miniproject_equipo1_ws/install/motion/share/motion/local_setup.dsv
[6.107s] -- Symlinking: /home/usuario/ros/Miniproject_equipo1_ws/install/motion/share/motion/package.dsv
[6.112s] -- Up-to-date symlink: /home/usuario/ros/Miniproject_equipo1_ws/install/motion/share/ament_index/resource_index/packages/motion
[6.113s] -- Up-to-date symlink: /home/usuario/ros/Miniproject_equipo1_ws/install/motion/share/motion/cmake/motionConfig.cmake
[6.113s] -- Up-to-date symlink: /home/usuario/ros/Miniproject_equipo1_ws/install/motion/share/motion/cmake/motionConfig-version.cmake
[6.113s] -- Up-to-date symlink: /home/usuario/ros/Miniproject_equipo1_ws/install/motion/share/motion/package.xml
[6.115s] Invoked command in '/home/usuario/ros/Miniproject_equipo1_ws/build/motion' returned '0': CMAKE_PREFIX_PATH=${CMAKE_PREFIX_PATH}:/opt/ros/humble /usr/bin/cmake --install /home/usuario/ros/Miniproject_equipo1_ws/build/motion
