[01m[K/home/usuario/ros/Miniproject_equipo1_ws/src/motion/src/Controller.cpp:[m[K In member function ‘[01m[Kvoid Controller::[01;32m[KdrawScene[m[K()[m[K’:
[01m[K/home/usuario/ros/Miniproject_equipo1_ws/src/motion/src/Controller.cpp:244:19:[m[K [01;31m[Kerror: [m[Kno matching function for call to ‘[01m[KController::drawCurves(int, bool, bool, bool, const char [6], double)[m[K’
  244 |         [01;31m[KdrawCurves(5, true, false, false, "right", 2.0)[m[K;
      |         [01;31m[K~~~~~~~~~~^~~~~~~~~~~~~~~~~~~~~~~~~~~~~~~~~~~~~[m[K
[01m[K/home/usuario/ros/Miniproject_equipo1_ws/src/motion/src/Controller.cpp:176:6:[m[K [01;36m[Knote: [m[Kcandidate: ‘[01m[Kvoid Controller::[01;32m[KdrawCurves[m[K(double, bool, bool, bool, std::string)[m[K’
  176 | void [01;36m[KController[m[K::drawCurves(double radius,
      |      [01;36m[K^~~~~~~~~~[m[K
[01m[K/home/usuario/ros/Miniproject_equipo1_ws/src/motion/src/Controller.cpp:176:6:[m[K [01;36m[Knote: [m[K  candidate expects 5 arguments, 6 provided
[01m[K/home/usuario/ros/Miniproject_equipo1_ws/src/motion/src/Controller.cpp:245:19:[m[K [01;31m[Kerror: [m[Kno matching function for call to ‘[01m[KController::drawCurves(int, bool, bool, bool, const char [3], double)[m[K’
  245 |         [01;31m[KdrawCurves(5, false, true, false, "up", 2.0)[m[K;
      |         [01;31m[K~~~~~~~~~~^~~~~~~~~~~~~~~~~~~~~~~~~~~~~~~~~~[m[K
[01m[K/home/usuario/ros/Miniproject_equipo1_ws/src/motion/src/Controller.cpp:176:6:[m[K [01;36m[Knote: [m[Kcandidate: ‘[01m[Kvoid Controller::[01;32m[KdrawCurves[m[K(double, bool, bool, bool, std::string)[m[K’
  176 | void [01;36m[KController[m[K::drawCurves(double radius,
      |      [01;36m[K^~~~~~~~~~[m[K
[01m[K/home/usuario/ros/Miniproject_equipo1_ws/src/motion/src/Controller.cpp:176:6:[m[K [01;36m[Knote: [m[K  candidate expects 5 arguments, 6 provided
[01m[K/home/usuario/ros/Miniproject_equipo1_ws/src/motion/src/Controller.cpp:246:19:[m[K [01;31m[Kerror: [m[Kno matching function for call to ‘[01m[KController::drawCurves(int, bool, bool, bool, const char [5], double)[m[K’
  246 |         [01;31m[KdrawCurves(5, false, false, true, "left", 2.0)[m[K;
      |         [01;31m[K~~~~~~~~~~^~~~~~~~~~~~~~~~~~~~~~~~~~~~~~~~~~~~[m[K
[01m[K/home/usuario/ros/Miniproject_equipo1_ws/src/motion/src/Controller.cpp:176:6:[m[K [01;36m[Knote: [m[Kcandidate: ‘[01m[Kvoid Controller::[01;32m[KdrawCurves[m[K(double, bool, bool, bool, std::string)[m[K’
  176 | void [01;36m[KController[m[K::drawCurves(double radius,
      |      [01;36m[K^~~~~~~~~~[m[K
[01m[K/home/usuario/ros/Miniproject_equipo1_ws/src/motion/src/Controller.cpp:176:6:[m[K [01;36m[Knote: [m[K  candidate expects 5 arguments, 6 provided
[01m[K/home/usuario/ros/Miniproject_equipo1_ws/src/motion/src/Controller.cpp:247:19:[m[K [01;31m[Kerror: [m[Kno matching function for call to ‘[01m[KController::drawCurves(int, bool, bool, bool, const char [5], double)[m[K’
  247 |         [01;31m[KdrawCurves(5, false, false, true, "down", 2.0)[m[K;
      |         [01;31m[K~~~~~~~~~~^~~~~~~~~~~~~~~~~~~~~~~~~~~~~~~~~~~~[m[K
[01m[K/home/usuario/ros/Miniproject_equipo1_ws/src/motion/src/Controller.cpp:176:6:[m[K [01;36m[Knote: [m[Kcandidate: ‘[01m[Kvoid Controller::[01;32m[KdrawCurves[m[K(double, bool, bool, bool, std::string)[m[K’
  176 | void [01;36m[KController[m[K::drawCurves(double radius,
      |      [01;36m[K^~~~~~~~~~[m[K
[01m[K/home/usuario/ros/Miniproject_equipo1_ws/src/motion/src/Controller.cpp:176:6:[m[K [01;36m[Knote: [m[K  candidate expects 5 arguments, 6 provided
gmake[2]: *** [CMakeFiles/Controller.dir/build.make:76: CMakeFiles/Controller.dir/src/Controller.cpp.o] Error 1
gmake[1]: *** [CMakeFiles/Makefile2:137: CMakeFiles/Controller.dir/all] Error 2
gmake: *** [Makefile:146: all] Error 2
