[0.127s] DEBUG:colcon:Command line arguments: ['/usr/bin/colcon', 'build', '--symlink-install']
[0.127s] DEBUG:colcon:Parsed command line arguments: Namespace(log_base=None, log_level=None, verb_name='build', build_base='build', install_base='install', merge_install=False, symlink_install=True, test_result_base=None, continue_on_error=False, executor='parallel', parallel_workers=4, event_handlers=None, ignore_user_meta=False, metas=['./colcon.meta'], base_paths=['.'], packages_ignore=None, packages_ignore_regex=None, paths=None, packages_up_to=None, packages_up_to_regex=None, packages_above=None, packages_above_and_dependencies=None, packages_above_depth=None, packages_select_by_dep=None, packages_skip_by_dep=None, packages_skip_up_to=None, packages_select_build_failed=False, packages_skip_build_finished=False, packages_select_test_failures=False, packages_skip_test_passed=False, packages_select=None, packages_skip=None, packages_select_regex=None, packages_skip_regex=None, packages_start=None, packages_end=None, allow_overriding=[], cmake_args=None, cmake_target=None, cmake_target_skip_unavailable=False, cmake_clean_cache=False, cmake_clean_first=False, cmake_force_configure=False, ament_cmake_args=None, catkin_cmake_args=None, catkin_skip_building_tests=False, mixin_files=None, mixin=None, verb_parser=<colcon_mixin.mixin.mixin_argument.MixinArgumentDecorator object at 0x749e80055960>, verb_extension=<colcon_core.verb.build.BuildVerb object at 0x749e80055390>, main=<bound method BuildVerb.main of <colcon_core.verb.build.BuildVerb object at 0x749e80055390>>, mixin_verb=('build',))
[0.526s] Level 1:colcon.colcon_core.package_discovery:discover_packages(colcon_meta) check parameters
[0.526s] Level 1:colcon.colcon_core.package_discovery:discover_packages(recursive) check parameters
[0.527s] Level 1:colcon.colcon_core.package_discovery:discover_packages(ignore) check parameters
[0.527s] Level 1:colcon.colcon_core.package_discovery:discover_packages(path) check parameters
[0.527s] Level 1:colcon.colcon_core.package_discovery:discover_packages(colcon_meta) discover
[0.528s] Level 1:colcon.colcon_core.package_discovery:discover_packages(recursive) discover
[0.528s] INFO:colcon.colcon_core.package_discovery:Crawling recursively for packages in '/home/lili/ros/Miniproject_equipo1_2_ws'
[0.529s] Level 1:colcon.colcon_core.package_identification:_identify(.) by extensions ['ignore', 'ignore_ament_install']
[0.529s] Level 1:colcon.colcon_core.package_identification:_identify(.) by extension 'ignore'
[0.530s] Level 1:colcon.colcon_core.package_identification:_identify(.) by extension 'ignore_ament_install'
[0.530s] Level 1:colcon.colcon_core.package_identification:_identify(.) by extensions ['colcon_pkg']
[0.530s] Level 1:colcon.colcon_core.package_identification:_identify(.) by extension 'colcon_pkg'
[0.530s] Level 1:colcon.colcon_core.package_identification:_identify(.) by extensions ['colcon_meta']
[0.530s] Level 1:colcon.colcon_core.package_identification:_identify(.) by extension 'colcon_meta'
[0.530s] Level 1:colcon.colcon_core.package_identification:_identify(.) by extensions ['ros']
[0.530s] Level 1:colcon.colcon_core.package_identification:_identify(.) by extension 'ros'
[0.597s] Level 1:colcon.colcon_core.package_identification:_identify(.) by extensions ['cmake', 'python']
[0.598s] Level 1:colcon.colcon_core.package_identification:_identify(.) by extension 'cmake'
[0.598s] Level 1:colcon.colcon_core.package_identification:_identify(.) by extension 'python'
[0.598s] Level 1:colcon.colcon_core.package_identification:_identify(.) by extensions ['python_setup_py']
[0.599s] Level 1:colcon.colcon_core.package_identification:_identify(.) by extension 'python_setup_py'
[0.600s] Level 1:colcon.colcon_core.package_identification:_identify(build) by extensions ['ignore', 'ignore_ament_install']
[0.600s] Level 1:colcon.colcon_core.package_identification:_identify(build) by extension 'ignore'
[0.600s] Level 1:colcon.colcon_core.package_identification:_identify(build) ignored
[0.600s] Level 1:colcon.colcon_core.package_identification:_identify(install) by extensions ['ignore', 'ignore_ament_install']
[0.601s] Level 1:colcon.colcon_core.package_identification:_identify(install) by extension 'ignore'
[0.601s] Level 1:colcon.colcon_core.package_identification:_identify(install) ignored
[0.601s] Level 1:colcon.colcon_core.package_identification:_identify(log) by extensions ['ignore', 'ignore_ament_install']
[0.601s] Level 1:colcon.colcon_core.package_identification:_identify(log) by extension 'ignore'
[0.601s] Level 1:colcon.colcon_core.package_identification:_identify(log) ignored
[0.602s] Level 1:colcon.colcon_core.package_identification:_identify(src) by extensions ['ignore', 'ignore_ament_install']
[0.602s] Level 1:colcon.colcon_core.package_identification:_identify(src) by extension 'ignore'
[0.602s] Level 1:colcon.colcon_core.package_identification:_identify(src) by extension 'ignore_ament_install'
[0.602s] Level 1:colcon.colcon_core.package_identification:_identify(src) by extensions ['colcon_pkg']
[0.602s] Level 1:colcon.colcon_core.package_identification:_identify(src) by extension 'colcon_pkg'
[0.602s] Level 1:colcon.colcon_core.package_identification:_identify(src) by extensions ['colcon_meta']
[0.602s] Level 1:colcon.colcon_core.package_identification:_identify(src) by extension 'colcon_meta'
[0.603s] Level 1:colcon.colcon_core.package_identification:_identify(src) by extensions ['ros']
[0.603s] Level 1:colcon.colcon_core.package_identification:_identify(src) by extension 'ros'
[0.603s] Level 1:colcon.colcon_core.package_identification:_identify(src) by extensions ['cmake', 'python']
[0.604s] Level 1:colcon.colcon_core.package_identification:_identify(src) by extension 'cmake'
[0.604s] Level 1:colcon.colcon_core.package_identification:_identify(src) by extension 'python'
[0.604s] Level 1:colcon.colcon_core.package_identification:_identify(src) by extensions ['python_setup_py']
[0.604s] Level 1:colcon.colcon_core.package_identification:_identify(src) by extension 'python_setup_py'
[0.605s] Level 1:colcon.colcon_core.package_identification:_identify(src/motion) by extensions ['ignore', 'ignore_ament_install']
[0.605s] Level 1:colcon.colcon_core.package_identification:_identify(src/motion) by extension 'ignore'
[0.605s] Level 1:colcon.colcon_core.package_identification:_identify(src/motion) by extension 'ignore_ament_install'
[0.606s] Level 1:colcon.colcon_core.package_identification:_identify(src/motion) by extensions ['colcon_pkg']
[0.606s] Level 1:colcon.colcon_core.package_identification:_identify(src/motion) by extension 'colcon_pkg'
[0.606s] Level 1:colcon.colcon_core.package_identification:_identify(src/motion) by extensions ['colcon_meta']
[0.606s] Level 1:colcon.colcon_core.package_identification:_identify(src/motion) by extension 'colcon_meta'
[0.606s] Level 1:colcon.colcon_core.package_identification:_identify(src/motion) by extensions ['ros']
[0.606s] Level 1:colcon.colcon_core.package_identification:_identify(src/motion) by extension 'ros'
[0.616s] DEBUG:colcon.colcon_core.package_identification:Package 'src/motion' with type 'ros.ament_cmake' and name 'motion'
[0.616s] Level 1:colcon.colcon_core.package_discovery:discover_packages(recursive) using defaults
[0.616s] Level 1:colcon.colcon_core.package_discovery:discover_packages(ignore) discover
[0.616s] Level 1:colcon.colcon_core.package_discovery:discover_packages(ignore) using defaults
[0.616s] Level 1:colcon.colcon_core.package_discovery:discover_packages(path) discover
[0.616s] Level 1:colcon.colcon_core.package_discovery:discover_packages(path) using defaults
[0.712s] Level 1:colcon.colcon_core.package_discovery:discover_packages(prefix_path) check parameters
[0.712s] Level 1:colcon.colcon_core.package_discovery:discover_packages(prefix_path) discover
[0.717s] DEBUG:colcon.colcon_installed_package_information.package_discovery:Found 1 installed packages in /home/lili/ros/Miniproject_equipo1_2_ws/install
[0.721s] DEBUG:colcon.colcon_installed_package_information.package_discovery:Found 297 installed packages in /opt/ros/humble
[0.725s] Level 1:colcon.colcon_core.package_discovery:discover_packages(prefix_path) using defaults
[0.851s] Level 5:colcon.colcon_core.verb:set package 'motion' build argument 'cmake_args' from command line to 'None'
[0.851s] Level 5:colcon.colcon_core.verb:set package 'motion' build argument 'cmake_target' from command line to 'None'
[0.851s] Level 5:colcon.colcon_core.verb:set package 'motion' build argument 'cmake_target_skip_unavailable' from command line to 'False'
[0.851s] Level 5:colcon.colcon_core.verb:set package 'motion' build argument 'cmake_clean_cache' from command line to 'False'
[0.851s] Level 5:colcon.colcon_core.verb:set package 'motion' build argument 'cmake_clean_first' from command line to 'False'
[0.851s] Level 5:colcon.colcon_core.verb:set package 'motion' build argument 'cmake_force_configure' from command line to 'False'
[0.851s] Level 5:colcon.colcon_core.verb:set package 'motion' build argument 'ament_cmake_args' from command line to 'None'
[0.851s] Level 5:colcon.colcon_core.verb:set package 'motion' build argument 'catkin_cmake_args' from command line to 'None'
[0.851s] Level 5:colcon.colcon_core.verb:set package 'motion' build argument 'catkin_skip_building_tests' from command line to 'False'
[0.852s] DEBUG:colcon.colcon_core.verb:Building package 'motion' with the following arguments: {'ament_cmake_args': None, 'build_base': '/home/lili/ros/Miniproject_equipo1_2_ws/build/motion', 'catkin_cmake_args': None, 'catkin_skip_building_tests': False, 'cmake_args': None, 'cmake_clean_cache': False, 'cmake_clean_first': False, 'cmake_force_configure': False, 'cmake_target': None, 'cmake_target_skip_unavailable': False, 'install_base': '/home/lili/ros/Miniproject_equipo1_2_ws/install/motion', 'merge_install': False, 'path': '/home/lili/ros/Miniproject_equipo1_2_ws/src/motion', 'symlink_install': True, 'test_result_base': None}
[0.852s] INFO:colcon.colcon_core.executor:Executing jobs using 'parallel' executor
[0.855s] DEBUG:colcon.colcon_parallel_executor.executor.parallel:run_until_complete
[0.856s] INFO:colcon.colcon_ros.task.ament_cmake.build:Building ROS package in '/home/lili/ros/Miniproject_equipo1_2_ws/src/motion' with build type 'ament_cmake'
[0.856s] INFO:colcon.colcon_cmake.task.cmake.build:Building CMake package in '/home/lili/ros/Miniproject_equipo1_2_ws/src/motion'
[0.866s] INFO:colcon.colcon_core.plugin_system:Skipping extension 'colcon_core.shell.bat': Not used on non-Windows systems
[0.867s] INFO:colcon.colcon_core.shell:Skip shell extension 'powershell' for command environment: Not usable outside of PowerShell
[0.867s] DEBUG:colcon.colcon_core.shell:Skip shell extension 'dsv' for command environment
[0.902s] DEBUG:colcon.colcon_core.event_handler.log_command:Invoking command in '/home/lili/ros/Miniproject_equipo1_2_ws/build/motion': CMAKE_PREFIX_PATH=${CMAKE_PREFIX_PATH}:/opt/ros/humble /usr/bin/cmake --build /home/lili/ros/Miniproject_equipo1_2_ws/build/motion -- -j4 -l4
[16.787s] DEBUG:colcon.colcon_core.event_handler.log_command:Invoked command in '/home/lili/ros/Miniproject_equipo1_2_ws/build/motion' returned '0': CMAKE_PREFIX_PATH=${CMAKE_PREFIX_PATH}:/opt/ros/humble /usr/bin/cmake --build /home/lili/ros/Miniproject_equipo1_2_ws/build/motion -- -j4 -l4
[16.816s] DEBUG:colcon.colcon_core.event_handler.log_command:Invoking command in '/home/lili/ros/Miniproject_equipo1_2_ws/build/motion': CMAKE_PREFIX_PATH=${CMAKE_PREFIX_PATH}:/opt/ros/humble /usr/bin/cmake --install /home/lili/ros/Miniproject_equipo1_2_ws/build/motion
[16.880s] Level 1:colcon.colcon_core.environment:create_environment_scripts_only(motion)
[16.883s] DEBUG:colcon.colcon_core.event_handler.log_command:Invoked command in '/home/lili/ros/Miniproject_equipo1_2_ws/build/motion' returned '0': CMAKE_PREFIX_PATH=${CMAKE_PREFIX_PATH}:/opt/ros/humble /usr/bin/cmake --install /home/lili/ros/Miniproject_equipo1_2_ws/build/motion
[16.887s] Level 1:colcon.colcon_core.environment:checking '/home/lili/ros/Miniproject_equipo1_2_ws/install/motion' for CMake module files
[16.887s] Level 1:colcon.colcon_core.environment:checking '/home/lili/ros/Miniproject_equipo1_2_ws/install/motion' for CMake config files
[16.888s] Level 1:colcon.colcon_core.shell:create_environment_hook('motion', 'cmake_prefix_path')
[16.888s] INFO:colcon.colcon_core.shell:Creating environment hook '/home/lili/ros/Miniproject_equipo1_2_ws/install/motion/share/motion/hook/cmake_prefix_path.ps1'
[16.889s] INFO:colcon.colcon_core.shell:Creating environment descriptor '/home/lili/ros/Miniproject_equipo1_2_ws/install/motion/share/motion/hook/cmake_prefix_path.dsv'
[16.892s] INFO:colcon.colcon_core.shell:Creating environment hook '/home/lili/ros/Miniproject_equipo1_2_ws/install/motion/share/motion/hook/cmake_prefix_path.sh'
[16.897s] Level 1:colcon.colcon_core.environment:checking '/home/lili/ros/Miniproject_equipo1_2_ws/install/motion/lib'
[16.899s] Level 1:colcon.colcon_core.environment:checking '/home/lili/ros/Miniproject_equipo1_2_ws/install/motion/bin'
[16.899s] Level 1:colcon.colcon_core.environment:checking '/home/lili/ros/Miniproject_equipo1_2_ws/install/motion/lib/pkgconfig/motion.pc'
[16.899s] Level 1:colcon.colcon_core.environment:checking '/home/lili/ros/Miniproject_equipo1_2_ws/install/motion/lib/python3.10/site-packages'
[16.901s] Level 1:colcon.colcon_core.environment:checking '/home/lili/ros/Miniproject_equipo1_2_ws/install/motion/bin'
[16.903s] INFO:colcon.colcon_core.shell:Creating package script '/home/lili/ros/Miniproject_equipo1_2_ws/install/motion/share/motion/package.ps1'
[16.904s] INFO:colcon.colcon_core.shell:Creating package descriptor '/home/lili/ros/Miniproject_equipo1_2_ws/install/motion/share/motion/package.dsv'
[16.904s] INFO:colcon.colcon_core.shell:Creating package script '/home/lili/ros/Miniproject_equipo1_2_ws/install/motion/share/motion/package.sh'
[16.905s] INFO:colcon.colcon_core.shell:Creating package script '/home/lili/ros/Miniproject_equipo1_2_ws/install/motion/share/motion/package.bash'
[16.908s] INFO:colcon.colcon_core.shell:Creating package script '/home/lili/ros/Miniproject_equipo1_2_ws/install/motion/share/motion/package.zsh'
[16.911s] Level 1:colcon.colcon_core.environment:create_file_with_runtime_dependencies(/home/lili/ros/Miniproject_equipo1_2_ws/install/motion/share/colcon-core/packages/motion)
[16.915s] Level 1:colcon.colcon_core.environment:create_environment_scripts_only(motion)
[16.916s] Level 1:colcon.colcon_core.environment:checking '/home/lili/ros/Miniproject_equipo1_2_ws/install/motion' for CMake module files
[16.917s] Level 1:colcon.colcon_core.environment:checking '/home/lili/ros/Miniproject_equipo1_2_ws/install/motion' for CMake config files
[16.918s] Level 1:colcon.colcon_core.shell:create_environment_hook('motion', 'cmake_prefix_path')
[16.919s] INFO:colcon.colcon_core.shell:Creating environment hook '/home/lili/ros/Miniproject_equipo1_2_ws/install/motion/share/motion/hook/cmake_prefix_path.ps1'
[16.920s] INFO:colcon.colcon_core.shell:Creating environment descriptor '/home/lili/ros/Miniproject_equipo1_2_ws/install/motion/share/motion/hook/cmake_prefix_path.dsv'
[16.920s] INFO:colcon.colcon_core.shell:Creating environment hook '/home/lili/ros/Miniproject_equipo1_2_ws/install/motion/share/motion/hook/cmake_prefix_path.sh'
[16.921s] Level 1:colcon.colcon_core.environment:checking '/home/lili/ros/Miniproject_equipo1_2_ws/install/motion/lib'
[16.921s] Level 1:colcon.colcon_core.environment:checking '/home/lili/ros/Miniproject_equipo1_2_ws/install/motion/bin'
[16.921s] Level 1:colcon.colcon_core.environment:checking '/home/lili/ros/Miniproject_equipo1_2_ws/install/motion/lib/pkgconfig/motion.pc'
[16.922s] Level 1:colcon.colcon_core.environment:checking '/home/lili/ros/Miniproject_equipo1_2_ws/install/motion/lib/python3.10/site-packages'
[16.922s] Level 1:colcon.colcon_core.environment:checking '/home/lili/ros/Miniproject_equipo1_2_ws/install/motion/bin'
[16.922s] INFO:colcon.colcon_core.shell:Creating package script '/home/lili/ros/Miniproject_equipo1_2_ws/install/motion/share/motion/package.ps1'
[16.924s] INFO:colcon.colcon_core.shell:Creating package descriptor '/home/lili/ros/Miniproject_equipo1_2_ws/install/motion/share/motion/package.dsv'
[16.927s] INFO:colcon.colcon_core.shell:Creating package script '/home/lili/ros/Miniproject_equipo1_2_ws/install/motion/share/motion/package.sh'
[16.930s] INFO:colcon.colcon_core.shell:Creating package script '/home/lili/ros/Miniproject_equipo1_2_ws/install/motion/share/motion/package.bash'
[16.932s] INFO:colcon.colcon_core.shell:Creating package script '/home/lili/ros/Miniproject_equipo1_2_ws/install/motion/share/motion/package.zsh'
[16.934s] Level 1:colcon.colcon_core.environment:create_file_with_runtime_dependencies(/home/lili/ros/Miniproject_equipo1_2_ws/install/motion/share/colcon-core/packages/motion)
[16.934s] DEBUG:colcon.colcon_parallel_executor.executor.parallel:closing loop
[16.935s] DEBUG:colcon.colcon_parallel_executor.executor.parallel:loop closed
[16.936s] DEBUG:colcon.colcon_parallel_executor.executor.parallel:run_until_complete finished with '0'
[16.936s] DEBUG:colcon.colcon_core.event_reactor:joining thread
[16.949s] INFO:colcon.colcon_core.plugin_system:Skipping extension 'colcon_notification.desktop_notification.terminal_notifier': Not used on non-Darwin systems
[16.950s] INFO:colcon.colcon_core.plugin_system:Skipping extension 'colcon_notification.desktop_notification.win32': Not used on non-Windows systems
[16.950s] INFO:colcon.colcon_notification.desktop_notification:Sending desktop notification using 'notify2'
[16.982s] DEBUG:colcon.colcon_core.event_reactor:joined thread
[16.982s] INFO:colcon.colcon_core.shell:Creating prefix script '/home/lili/ros/Miniproject_equipo1_2_ws/install/local_setup.ps1'
[16.984s] INFO:colcon.colcon_core.shell:Creating prefix util module '/home/lili/ros/Miniproject_equipo1_2_ws/install/_local_setup_util_ps1.py'
[16.988s] INFO:colcon.colcon_core.shell:Creating prefix chain script '/home/lili/ros/Miniproject_equipo1_2_ws/install/setup.ps1'
[16.997s] INFO:colcon.colcon_core.shell:Creating prefix script '/home/lili/ros/Miniproject_equipo1_2_ws/install/local_setup.sh'
[16.999s] INFO:colcon.colcon_core.shell:Creating prefix util module '/home/lili/ros/Miniproject_equipo1_2_ws/install/_local_setup_util_sh.py'
[17.001s] INFO:colcon.colcon_core.shell:Creating prefix chain script '/home/lili/ros/Miniproject_equipo1_2_ws/install/setup.sh'
[17.003s] INFO:colcon.colcon_core.shell:Creating prefix script '/home/lili/ros/Miniproject_equipo1_2_ws/install/local_setup.bash'
[17.005s] INFO:colcon.colcon_core.shell:Creating prefix chain script '/home/lili/ros/Miniproject_equipo1_2_ws/install/setup.bash'
[17.013s] INFO:colcon.colcon_core.shell:Creating prefix script '/home/lili/ros/Miniproject_equipo1_2_ws/install/local_setup.zsh'
[17.014s] INFO:colcon.colcon_core.shell:Creating prefix chain script '/home/lili/ros/Miniproject_equipo1_2_ws/install/setup.zsh'
