[0.050s] Invoking command in '/home/lili/ros/Miniproject_equipo1_2_ws/build/motion': CMAKE_PREFIX_PATH=${CMAKE_PREFIX_PATH}:/opt/ros/humble /usr/bin/cmake --build /home/lili/ros/Miniproject_equipo1_2_ws/build/motion -- -j4 -l4
[0.178s] [35m[1mConsolidate compiler generated dependencies of target Controller[0m
[0.218s] [ 50%] [32mBuilding CXX object CMakeFiles/Controller.dir/src/Controller.cpp.o[0m
[14.404s] [100%] [32m[1mLinking CXX executable Controller[0m
[16.083s] [100%] Built target Controller
[16.110s] Invoked command in '/home/lili/ros/Miniproject_equipo1_2_ws/build/motion' returned '0': CMAKE_PREFIX_PATH=${CMAKE_PREFIX_PATH}:/opt/ros/humble /usr/bin/cmake --build /home/lili/ros/Miniproject_equipo1_2_ws/build/motion -- -j4 -l4
[16.140s] Invoking command in '/home/lili/ros/Miniproject_equipo1_2_ws/build/motion': CMAKE_PREFIX_PATH=${CMAKE_PREFIX_PATH}:/opt/ros/humble /usr/bin/cmake --install /home/lili/ros/Miniproject_equipo1_2_ws/build/motion
[16.166s] -- Install configuration: ""
[16.167s] -- Execute custom install script
[16.167s] -- Up-to-date symlink: /home/lili/ros/Miniproject_equipo1_2_ws/install/motion/lib/motion/Controller
[16.167s] -- Up-to-date symlink: /home/lili/ros/Miniproject_equipo1_2_ws/install/motion/share/motion//launch/launch.xml
[16.168s] -- Up-to-date symlink: /home/lili/ros/Miniproject_equipo1_2_ws/install/motion/share/ament_index/resource_index/package_run_dependencies/motion
[16.168s] -- Up-to-date symlink: /home/lili/ros/Miniproject_equipo1_2_ws/install/motion/share/ament_index/resource_index/parent_prefix_path/motion
[16.168s] -- Up-to-date symlink: /home/lili/ros/Miniproject_equipo1_2_ws/install/motion/share/motion/environment/ament_prefix_path.sh
[16.169s] -- Up-to-date symlink: /home/lili/ros/Miniproject_equipo1_2_ws/install/motion/share/motion/environment/ament_prefix_path.dsv
[16.169s] -- Up-to-date symlink: /home/lili/ros/Miniproject_equipo1_2_ws/install/motion/share/motion/environment/path.sh
[16.170s] -- Up-to-date symlink: /home/lili/ros/Miniproject_equipo1_2_ws/install/motion/share/motion/environment/path.dsv
[16.171s] -- Up-to-date symlink: /home/lili/ros/Miniproject_equipo1_2_ws/install/motion/share/motion/local_setup.bash
[16.172s] -- Up-to-date symlink: /home/lili/ros/Miniproject_equipo1_2_ws/install/motion/share/motion/local_setup.sh
[16.172s] -- Up-to-date symlink: /home/lili/ros/Miniproject_equipo1_2_ws/install/motion/share/motion/local_setup.zsh
[16.173s] -- Up-to-date symlink: /home/lili/ros/Miniproject_equipo1_2_ws/install/motion/share/motion/local_setup.dsv
[16.173s] -- Symlinking: /home/lili/ros/Miniproject_equipo1_2_ws/install/motion/share/motion/package.dsv
[16.193s] -- Up-to-date symlink: /home/lili/ros/Miniproject_equipo1_2_ws/install/motion/share/ament_index/resource_index/packages/motion
[16.195s] -- Up-to-date symlink: /home/lili/ros/Miniproject_equipo1_2_ws/install/motion/share/motion/cmake/motionConfig.cmake
[16.196s] -- Up-to-date symlink: /home/lili/ros/Miniproject_equipo1_2_ws/install/motion/share/motion/cmake/motionConfig-version.cmake
[16.196s] -- Up-to-date symlink: /home/lili/ros/Miniproject_equipo1_2_ws/install/motion/share/motion/package.xml
[16.201s] Invoked command in '/home/lili/ros/Miniproject_equipo1_2_ws/build/motion' returned '0': CMAKE_PREFIX_PATH=${CMAKE_PREFIX_PATH}:/opt/ros/humble /usr/bin/cmake --install /home/lili/ros/Miniproject_equipo1_2_ws/build/motion
