[0.008s] Invoking command in '/home/usuario/ros/Miniproject_equipo1_ws/build/motion': CMAKE_PREFIX_PATH=${CMAKE_PREFIX_PATH}:/opt/ros/humble /usr/bin/cmake --build /home/usuario/ros/Miniproject_equipo1_ws/build/motion -- -j20 -l20
[0.034s] [35m[1mConsolidate compiler generated dependencies of target Controller[0m
[0.045s] [100%] Built target Controller
[0.053s] Invoked command in '/home/usuario/ros/Miniproject_equipo1_ws/build/motion' returned '0': CMAKE_PREFIX_PATH=${CMAKE_PREFIX_PATH}:/opt/ros/humble /usr/bin/cmake --build /home/usuario/ros/Miniproject_equipo1_ws/build/motion -- -j20 -l20
[0.060s] Invoking command in '/home/usuario/ros/Miniproject_equipo1_ws/build/motion': CMAKE_PREFIX_PATH=${CMAKE_PREFIX_PATH}:/opt/ros/humble /usr/bin/cmake --install /home/usuario/ros/Miniproject_equipo1_ws/build/motion
[0.064s] -- Install configuration: ""
[0.064s] -- Execute custom install script
[0.064s] -- Up-to-date symlink: /home/usuario/ros/Miniproject_equipo1_ws/install/motion/lib/motion/Controller
[0.064s] -- Up-to-date symlink: /home/usuario/ros/Miniproject_equipo1_ws/install/motion/share/motion//launch/launch.xml
[0.065s] -- Up-to-date symlink: /home/usuario/ros/Miniproject_equipo1_ws/install/motion/share/ament_index/resource_index/package_run_dependencies/motion
[0.065s] -- Up-to-date symlink: /home/usuario/ros/Miniproject_equipo1_ws/install/motion/share/ament_index/resource_index/parent_prefix_path/motion
[0.065s] -- Up-to-date symlink: /home/usuario/ros/Miniproject_equipo1_ws/install/motion/share/motion/environment/ament_prefix_path.sh
[0.065s] -- Up-to-date symlink: /home/usuario/ros/Miniproject_equipo1_ws/install/motion/share/motion/environment/ament_prefix_path.dsv
[0.065s] -- Up-to-date symlink: /home/usuario/ros/Miniproject_equipo1_ws/install/motion/share/motion/environment/path.sh
[0.065s] -- Up-to-date symlink: /home/usuario/ros/Miniproject_equipo1_ws/install/motion/share/motion/environment/path.dsv
[0.065s] -- Up-to-date symlink: /home/usuario/ros/Miniproject_equipo1_ws/install/motion/share/motion/local_setup.bash
[0.065s] -- Up-to-date symlink: /home/usuario/ros/Miniproject_equipo1_ws/install/motion/share/motion/local_setup.sh
[0.066s] -- Up-to-date symlink: /home/usuario/ros/Miniproject_equipo1_ws/install/motion/share/motion/local_setup.zsh
[0.066s] -- Up-to-date symlink: /home/usuario/ros/Miniproject_equipo1_ws/install/motion/share/motion/local_setup.dsv
[0.066s] -- Symlinking: /home/usuario/ros/Miniproject_equipo1_ws/install/motion/share/motion/package.dsv
[0.072s] -- Up-to-date symlink: /home/usuario/ros/Miniproject_equipo1_ws/install/motion/share/ament_index/resource_index/packages/motion
[0.072s] -- Up-to-date symlink: /home/usuario/ros/Miniproject_equipo1_ws/install/motion/share/motion/cmake/motionConfig.cmake
[0.072s] -- Up-to-date symlink: /home/usuario/ros/Miniproject_equipo1_ws/install/motion/share/motion/cmake/motionConfig-version.cmake
[0.072s] -- Up-to-date symlink: /home/usuario/ros/Miniproject_equipo1_ws/install/motion/share/motion/package.xml
[0.074s] Invoked command in '/home/usuario/ros/Miniproject_equipo1_ws/build/motion' returned '0': CMAKE_PREFIX_PATH=${CMAKE_PREFIX_PATH}:/opt/ros/humble /usr/bin/cmake --install /home/usuario/ros/Miniproject_equipo1_ws/build/motion
